[ INFO ] [2018-12-17 11:21:19] com.github.ontio.ExplorerApplication [50] - Starting ExplorerApplication on sss with PID 3127 (/Users/sss/dev/localgit/javaProject/wontologyserver/target/classes started by sss in /Users/sss/dev/localgit/javaProject/wontologyserver)
[ DEBUG] [2018-12-17 11:21:19] com.github.ontio.ExplorerApplication [53] - Running with Spring Boot v2.0.3.RELEASE, Spring v5.0.7.RELEASE
[ INFO ] [2018-12-17 11:21:19] com.github.ontio.ExplorerApplication [663] - The following profiles are active: uat
[ INFO ] [2018-12-17 11:21:20] org.springframework.boot.web.servlet.context.AnnotationConfigServletWebServerApplicationContext [590] - Refreshing org.springframework.boot.web.servlet.context.AnnotationConfigServletWebServerApplicationContext@6379eb: startup date [Mon Dec 17 11:21:20 CST 2018]; root of context hierarchy
[ WARN ] [2018-12-17 11:21:20] org.mybatis.spring.mapper.ClassPathMapperScanner [239] - Skipping MapperFactoryBean with name 'BankerInfoMapper' and 'com.github.ontio.dao.BankerInfoMapper' mapperInterface. Bean already defined with the same name!
[ WARN ] [2018-12-17 11:21:20] org.mybatis.spring.mapper.ClassPathMapperScanner [239] - Skipping MapperFactoryBean with name 'BetsInfoMapper' and 'com.github.ontio.dao.BuyRecordInfoMapper' mapperInterface. Bean already defined with the same name!
[ WARN ] [2018-12-17 11:21:20] org.mybatis.spring.mapper.ClassPathMapperScanner [239] - Skipping MapperFactoryBean with name 'BlkHeightMainMapper' and 'com.github.ontio.dao.BlkHeightMainMapper' mapperInterface. Bean already defined with the same name!
[ WARN ] [2018-12-17 11:21:20] org.mybatis.spring.mapper.ClassPathMapperScanner [166] - No MyBatis mapper was found in '[com.github.ontio.dao]' package. Please check your configuration.
[ INFO ] [2018-12-17 11:21:20] org.springframework.data.repository.config.RepositoryConfigurationDelegate [163] - Multiple Spring Data modules found, entering strict repository configuration mode!
[ INFO ] [2018-12-17 11:21:21] org.springframework.context.support.PostProcessorRegistrationDelegate$BeanPostProcessorChecker [328] - Bean 'org.springframework.ws.config.annotation.DelegatingWsConfiguration' of type [org.springframework.ws.config.annotation.DelegatingWsConfiguration$$EnhancerBySpringCGLIB$$c7605d41] is not eligible for getting processed by all BeanPostProcessors (for example: not eligible for auto-proxying)
[ INFO ] [2018-12-17 11:21:21] org.springframework.ws.soap.addressing.server.AnnotationActionEndpointMapping [236] - Supporting [WS-Addressing August 2004, WS-Addressing 1.0]
[ INFO ] [2018-12-17 11:21:21] org.springframework.context.support.PostProcessorRegistrationDelegate$BeanPostProcessorChecker [328] - Bean 'org.springframework.transaction.annotation.ProxyTransactionManagementConfiguration' of type [org.springframework.transaction.annotation.ProxyTransactionManagementConfiguration$$EnhancerBySpringCGLIB$$22c89842] is not eligible for getting processed by all BeanPostProcessors (for example: not eligible for auto-proxying)
[ INFO ] [2018-12-17 11:21:21] org.springframework.boot.web.embedded.tomcat.TomcatWebServer [91] - Tomcat initialized with port(s): 8585 (http)
[ INFO ] [2018-12-17 11:21:21] org.apache.coyote.http11.Http11NioProtocol [180] - Initializing ProtocolHandler ["http-nio-8585"]
[ INFO ] [2018-12-17 11:21:21] org.apache.catalina.core.StandardService [180] - Starting service [Tomcat]
[ INFO ] [2018-12-17 11:21:21] org.apache.catalina.core.StandardEngine [180] - Starting Servlet Engine: Apache Tomcat/8.5.31
[ INFO ] [2018-12-17 11:21:21] org.apache.catalina.core.AprLifecycleListener [180] - The APR based Apache Tomcat Native library which allows optimal performance in production environments was not found on the java.library.path: [/Users/sss/Library/Java/Extensions:/Library/Java/Extensions:/Network/Library/Java/Extensions:/System/Library/Java/Extensions:/usr/lib/java:.]
[ INFO ] [2018-12-17 11:21:21] org.apache.catalina.core.ContainerBase.[Tomcat].[localhost].[/] [180] - Initializing Spring embedded WebApplicationContext
[ INFO ] [2018-12-17 11:21:21] org.springframework.web.context.ContextLoader [285] - Root WebApplicationContext: initialization completed in 1879 ms
[ INFO ] [2018-12-17 11:21:22] org.springframework.boot.web.servlet.ServletRegistrationBean [186] - Servlet dispatcherServlet mapped to [/]
[ INFO ] [2018-12-17 11:21:22] org.springframework.boot.web.servlet.ServletRegistrationBean [186] - Servlet messageDispatcherServlet mapped to [/services/*]
[ INFO ] [2018-12-17 11:21:22] org.springframework.boot.web.servlet.FilterRegistrationBean [245] - Mapping filter: 'characterEncodingFilter' to: [/*]
[ INFO ] [2018-12-17 11:21:22] org.springframework.boot.web.servlet.FilterRegistrationBean [245] - Mapping filter: 'hiddenHttpMethodFilter' to: [/*]
[ INFO ] [2018-12-17 11:21:22] org.springframework.boot.web.servlet.FilterRegistrationBean [245] - Mapping filter: 'httpPutFormContentFilter' to: [/*]
[ INFO ] [2018-12-17 11:21:22] org.springframework.boot.web.servlet.FilterRegistrationBean [245] - Mapping filter: 'requestContextFilter' to: [/*]
[ INFO ] [2018-12-17 11:21:22] org.springframework.boot.web.servlet.FilterRegistrationBean [245] - Mapping filter: 'simpleCORSFilter' to: [/*]
[ INFO ] [2018-12-17 11:21:22] com.github.ontio.ExplorerApplication [28] - ########taskExecutor#########
[ INFO ] [2018-12-17 11:21:22] org.springframework.scheduling.concurrent.ThreadPoolTaskExecutor [171] - Initializing ExecutorService 
[ INFO ] [2018-12-17 11:21:22] org.springframework.scheduling.concurrent.ThreadPoolTaskExecutor [171] - Initializing ExecutorService  'taskExecutor'
[ INFO ] [2018-12-17 11:21:22] org.springframework.web.servlet.handler.SimpleUrlHandlerMapping [373] - Mapped URL path [/**/favicon.ico] onto handler of type [class org.springframework.web.servlet.resource.ResourceHttpRequestHandler]
[ INFO ] [2018-12-17 11:21:22] org.springframework.web.servlet.mvc.method.annotation.RequestMappingHandlerAdapter [574] - Looking for @ControllerAdvice: org.springframework.boot.web.servlet.context.AnnotationConfigServletWebServerApplicationContext@6379eb: startup date [Mon Dec 17 11:21:20 CST 2018]; root of context hierarchy
[ INFO ] [2018-12-17 11:21:22] org.springframework.web.servlet.mvc.method.annotation.RequestMappingHandlerMapping [547] - Mapped "{[/api/v1/banker/getbankerinvestbypage/{banker}/{pagesize}/{pagenumber}],methods=[GET]}" onto public com.github.ontio.paramBean.Result com.github.ontio.controller.BankerController.getBankerInvestByPage(java.lang.String,java.lang.Integer,java.lang.Integer)
[ INFO ] [2018-12-17 11:21:22] org.springframework.web.servlet.mvc.method.annotation.RequestMappingHandlerMapping [547] - Mapped "{[/api/v1/banker/getbankerwithdrawbypage/{banker}/{pagesize}/{pagenumber}],methods=[GET]}" onto public com.github.ontio.paramBean.Result com.github.ontio.controller.BankerController.getBankerWithdrawByPage(java.lang.String,java.lang.Integer,java.lang.Integer)
[ INFO ] [2018-12-17 11:21:22] org.springframework.web.servlet.mvc.method.annotation.RequestMappingHandlerMapping [547] - Mapped "{[/api/v1/banker/savebankerinvest],methods=[POST]}" onto public com.github.ontio.paramBean.Result com.github.ontio.controller.BankerController.saveBankerInvest(java.lang.String)
[ INFO ] [2018-12-17 11:21:22] org.springframework.web.servlet.mvc.method.annotation.RequestMappingHandlerMapping [547] - Mapped "{[/api/v1/banker/savebankerwithdraw],methods=[POST]}" onto public com.github.ontio.paramBean.Result com.github.ontio.controller.BankerController.saveBankerWithdraw(java.lang.String)
[ INFO ] [2018-12-17 11:21:22] org.springframework.web.servlet.mvc.method.annotation.RequestMappingHandlerMapping [547] - Mapped "{[/api/v1/bets/getbetsbypage/{pagesize}/{pagenumber}],methods=[GET]}" onto public com.github.ontio.paramBean.Result com.github.ontio.controller.BetsController.getBetsByPage(java.lang.Integer,java.lang.Integer)
[ INFO ] [2018-12-17 11:21:22] org.springframework.web.servlet.mvc.method.annotation.RequestMappingHandlerMapping [547] - Mapped "{[/api/v1/bets/getmybetsbybettor/{bettor}],methods=[GET]}" onto public com.github.ontio.paramBean.Result com.github.ontio.controller.BetsController.getMyBets(java.lang.String)
[ INFO ] [2018-12-17 11:21:22] org.springframework.web.servlet.mvc.method.annotation.RequestMappingHandlerMapping [547] - Mapped "{[/api/v1/bets/getmybetsbypage/{bettor}/{pageSize}/{pageNumber}],methods=[GET]}" onto public com.github.ontio.paramBean.Result com.github.ontio.controller.BetsController.getMyBetsByPage(java.lang.String,int,int)
[ INFO ] [2018-12-17 11:21:22] org.springframework.web.servlet.mvc.method.annotation.RequestMappingHandlerMapping [547] - Mapped "{[/api/v1/bets/savebetinfo],methods=[POST]}" onto public com.github.ontio.paramBean.Result com.github.ontio.controller.BetsController.saveBetInfo(java.lang.String)
[ INFO ] [2018-12-17 11:21:22] org.springframework.web.servlet.mvc.method.annotation.RequestMappingHandlerMapping [547] - Mapped "{[/api/v1/bets/gethugewinstopbynum/{num}],methods=[GET]}" onto public com.github.ontio.paramBean.Result com.github.ontio.controller.BetsController.getHugeWins(java.lang.Integer)
[ INFO ] [2018-12-17 11:21:22] org.springframework.web.servlet.mvc.method.annotation.RequestMappingHandlerMapping [547] - Mapped "{[/api/v1/bets/savehugewin],methods=[POST]}" onto public com.github.ontio.paramBean.Result com.github.ontio.controller.BetsController.saveHugeWin(java.lang.String)
[ INFO ] [2018-12-17 11:21:22] org.springframework.web.servlet.mvc.method.annotation.RequestMappingHandlerMapping [547] - Mapped "{[/error]}" onto public org.springframework.http.ResponseEntity<java.util.Map<java.lang.String, java.lang.Object>> org.springframework.boot.autoconfigure.web.servlet.error.BasicErrorController.error(javax.servlet.http.HttpServletRequest)
[ INFO ] [2018-12-17 11:21:22] org.springframework.web.servlet.mvc.method.annotation.RequestMappingHandlerMapping [547] - Mapped "{[/error],produces=[text/html]}" onto public org.springframework.web.servlet.ModelAndView org.springframework.boot.autoconfigure.web.servlet.error.BasicErrorController.errorHtml(javax.servlet.http.HttpServletRequest,javax.servlet.http.HttpServletResponse)
[ INFO ] [2018-12-17 11:21:23] org.springframework.web.servlet.handler.SimpleUrlHandlerMapping [373] - Mapped URL path [/webjars/**] onto handler of type [class org.springframework.web.servlet.resource.ResourceHttpRequestHandler]
[ INFO ] [2018-12-17 11:21:23] org.springframework.web.servlet.handler.SimpleUrlHandlerMapping [373] - Mapped URL path [/**] onto handler of type [class org.springframework.web.servlet.resource.ResourceHttpRequestHandler]
[ INFO ] [2018-12-17 11:21:23] org.springframework.jmx.export.annotation.AnnotationMBeanExporter [433] - Registering beans for JMX exposure on startup
[ INFO ] [2018-12-17 11:21:23] org.springframework.jmx.export.annotation.AnnotationMBeanExporter [895] - Bean with name 'dataSource' has been autodetected for JMX exposure
[ INFO ] [2018-12-17 11:21:23] org.springframework.jmx.export.annotation.AnnotationMBeanExporter [668] - Located MBean 'dataSource': registering with JMX server as MBean [com.zaxxer.hikari:name=dataSource,type=HikariDataSource]
[ INFO ] [2018-12-17 11:21:23] org.apache.coyote.http11.Http11NioProtocol [180] - Starting ProtocolHandler ["http-nio-8585"]
[ INFO ] [2018-12-17 11:21:23] org.apache.tomcat.util.net.NioSelectorPool [180] - Using a shared selector for servlet write/read
[ INFO ] [2018-12-17 11:21:23] org.springframework.boot.web.embedded.tomcat.TomcatWebServer [206] - Tomcat started on port(s): 8585 (http) with context path ''
[ INFO ] [2018-12-17 11:21:23] com.github.ontio.ExplorerApplication [59] - Started ExplorerApplication in 4.974 seconds (JVM running for 5.856)
[ INFO ] [2018-12-17 13:21:15] com.github.ontio.ExplorerApplication [50] - Starting ExplorerApplication on sss.local with PID 5942 (/Users/sss/dev/localgit/javaProject/wontologyserver/target/classes started by sss in /Users/sss/dev/localgit/javaProject/wontologyserver)
[ DEBUG] [2018-12-17 13:21:15] com.github.ontio.ExplorerApplication [53] - Running with Spring Boot v2.0.3.RELEASE, Spring v5.0.7.RELEASE
[ INFO ] [2018-12-17 13:21:15] com.github.ontio.ExplorerApplication [663] - The following profiles are active: uat
[ INFO ] [2018-12-17 13:21:16] org.springframework.boot.web.servlet.context.AnnotationConfigServletWebServerApplicationContext [590] - Refreshing org.springframework.boot.web.servlet.context.AnnotationConfigServletWebServerApplicationContext@7b9a4292: startup date [Mon Dec 17 13:21:16 CST 2018]; root of context hierarchy
[ WARN ] [2018-12-17 13:21:16] org.mybatis.spring.mapper.ClassPathMapperScanner [239] - Skipping MapperFactoryBean with name 'BankerInfoMapper' and 'com.github.ontio.dao.BankerInfoMapper' mapperInterface. Bean already defined with the same name!
[ WARN ] [2018-12-17 13:21:16] org.mybatis.spring.mapper.ClassPathMapperScanner [239] - Skipping MapperFactoryBean with name 'BetsInfoMapper' and 'com.github.ontio.dao.BuyRecordInfoMapper' mapperInterface. Bean already defined with the same name!
[ WARN ] [2018-12-17 13:21:16] org.mybatis.spring.mapper.ClassPathMapperScanner [239] - Skipping MapperFactoryBean with name 'BlkHeightMainMapper' and 'com.github.ontio.dao.BlkHeightMainMapper' mapperInterface. Bean already defined with the same name!
[ WARN ] [2018-12-17 13:21:16] org.mybatis.spring.mapper.ClassPathMapperScanner [166] - No MyBatis mapper was found in '[com.github.ontio.dao]' package. Please check your configuration.
[ INFO ] [2018-12-17 13:21:16] org.springframework.data.repository.config.RepositoryConfigurationDelegate [163] - Multiple Spring Data modules found, entering strict repository configuration mode!
[ INFO ] [2018-12-17 13:21:17] org.springframework.context.support.PostProcessorRegistrationDelegate$BeanPostProcessorChecker [328] - Bean 'org.springframework.ws.config.annotation.DelegatingWsConfiguration' of type [org.springframework.ws.config.annotation.DelegatingWsConfiguration$$EnhancerBySpringCGLIB$$945e5fcc] is not eligible for getting processed by all BeanPostProcessors (for example: not eligible for auto-proxying)
[ INFO ] [2018-12-17 13:21:17] org.springframework.ws.soap.addressing.server.AnnotationActionEndpointMapping [236] - Supporting [WS-Addressing August 2004, WS-Addressing 1.0]
[ INFO ] [2018-12-17 13:21:17] org.springframework.context.support.PostProcessorRegistrationDelegate$BeanPostProcessorChecker [328] - Bean 'org.springframework.transaction.annotation.ProxyTransactionManagementConfiguration' of type [org.springframework.transaction.annotation.ProxyTransactionManagementConfiguration$$EnhancerBySpringCGLIB$$efc69acd] is not eligible for getting processed by all BeanPostProcessors (for example: not eligible for auto-proxying)
[ INFO ] [2018-12-17 13:21:17] org.springframework.boot.web.embedded.tomcat.TomcatWebServer [91] - Tomcat initialized with port(s): 8585 (http)
[ INFO ] [2018-12-17 13:21:17] org.apache.coyote.http11.Http11NioProtocol [180] - Initializing ProtocolHandler ["http-nio-8585"]
[ INFO ] [2018-12-17 13:21:17] org.apache.catalina.core.StandardService [180] - Starting service [Tomcat]
[ INFO ] [2018-12-17 13:21:17] org.apache.catalina.core.StandardEngine [180] - Starting Servlet Engine: Apache Tomcat/8.5.31
[ INFO ] [2018-12-17 13:21:17] org.apache.catalina.core.AprLifecycleListener [180] - The APR based Apache Tomcat Native library which allows optimal performance in production environments was not found on the java.library.path: [/Users/sss/Library/Java/Extensions:/Library/Java/Extensions:/Network/Library/Java/Extensions:/System/Library/Java/Extensions:/usr/lib/java:.]
[ INFO ] [2018-12-17 13:21:17] org.apache.catalina.core.ContainerBase.[Tomcat].[localhost].[/] [180] - Initializing Spring embedded WebApplicationContext
[ INFO ] [2018-12-17 13:21:17] org.springframework.web.context.ContextLoader [285] - Root WebApplicationContext: initialization completed in 1749 ms
[ INFO ] [2018-12-17 13:21:17] org.springframework.boot.web.servlet.ServletRegistrationBean [186] - Servlet dispatcherServlet mapped to [/]
[ INFO ] [2018-12-17 13:21:17] org.springframework.boot.web.servlet.ServletRegistrationBean [186] - Servlet messageDispatcherServlet mapped to [/services/*]
[ INFO ] [2018-12-17 13:21:17] org.springframework.boot.web.servlet.FilterRegistrationBean [245] - Mapping filter: 'characterEncodingFilter' to: [/*]
[ INFO ] [2018-12-17 13:21:17] org.springframework.boot.web.servlet.FilterRegistrationBean [245] - Mapping filter: 'hiddenHttpMethodFilter' to: [/*]
[ INFO ] [2018-12-17 13:21:17] org.springframework.boot.web.servlet.FilterRegistrationBean [245] - Mapping filter: 'httpPutFormContentFilter' to: [/*]
[ INFO ] [2018-12-17 13:21:17] org.springframework.boot.web.servlet.FilterRegistrationBean [245] - Mapping filter: 'requestContextFilter' to: [/*]
[ INFO ] [2018-12-17 13:21:17] org.springframework.boot.web.servlet.FilterRegistrationBean [245] - Mapping filter: 'simpleCORSFilter' to: [/*]
[ INFO ] [2018-12-17 13:21:18] org.springframework.web.servlet.handler.SimpleUrlHandlerMapping [373] - Mapped URL path [/**/favicon.ico] onto handler of type [class org.springframework.web.servlet.resource.ResourceHttpRequestHandler]
[ INFO ] [2018-12-17 13:21:18] org.springframework.web.servlet.mvc.method.annotation.RequestMappingHandlerAdapter [574] - Looking for @ControllerAdvice: org.springframework.boot.web.servlet.context.AnnotationConfigServletWebServerApplicationContext@7b9a4292: startup date [Mon Dec 17 13:21:16 CST 2018]; root of context hierarchy
[ INFO ] [2018-12-17 13:21:18] org.springframework.web.servlet.mvc.method.annotation.RequestMappingHandlerMapping [547] - Mapped "{[/api/v1/banker/getbankerinvestbypage/{banker}/{pagesize}/{pagenumber}],methods=[GET]}" onto public com.github.ontio.paramBean.Result com.github.ontio.controller.BankerController.getBankerInvestByPage(java.lang.String,java.lang.Integer,java.lang.Integer)
[ INFO ] [2018-12-17 13:21:18] org.springframework.web.servlet.mvc.method.annotation.RequestMappingHandlerMapping [547] - Mapped "{[/api/v1/banker/getbankerwithdrawbypage/{banker}/{pagesize}/{pagenumber}],methods=[GET]}" onto public com.github.ontio.paramBean.Result com.github.ontio.controller.BankerController.getBankerWithdrawByPage(java.lang.String,java.lang.Integer,java.lang.Integer)
[ INFO ] [2018-12-17 13:21:18] org.springframework.web.servlet.mvc.method.annotation.RequestMappingHandlerMapping [547] - Mapped "{[/api/v1/banker/savebankerinvest],methods=[POST]}" onto public com.github.ontio.paramBean.Result com.github.ontio.controller.BankerController.saveBankerInvest(java.lang.String)
[ INFO ] [2018-12-17 13:21:18] org.springframework.web.servlet.mvc.method.annotation.RequestMappingHandlerMapping [547] - Mapped "{[/api/v1/banker/savebankerwithdraw],methods=[POST]}" onto public com.github.ontio.paramBean.Result com.github.ontio.controller.BankerController.saveBankerWithdraw(java.lang.String)
[ INFO ] [2018-12-17 13:21:18] org.springframework.web.servlet.mvc.method.annotation.RequestMappingHandlerMapping [547] - Mapped "{[/api/v1/bets/getbetsbypage/{pagesize}/{pagenumber}],methods=[GET]}" onto public com.github.ontio.paramBean.Result com.github.ontio.controller.BetsController.getBetsByPage(java.lang.Integer,java.lang.Integer)
[ INFO ] [2018-12-17 13:21:18] org.springframework.web.servlet.mvc.method.annotation.RequestMappingHandlerMapping [547] - Mapped "{[/api/v1/bets/getmybetsbybettor/{bettor}],methods=[GET]}" onto public com.github.ontio.paramBean.Result com.github.ontio.controller.BetsController.getMyBets(java.lang.String)
[ INFO ] [2018-12-17 13:21:18] org.springframework.web.servlet.mvc.method.annotation.RequestMappingHandlerMapping [547] - Mapped "{[/api/v1/bets/getmybetsbypage/{bettor}/{pageSize}/{pageNumber}],methods=[GET]}" onto public com.github.ontio.paramBean.Result com.github.ontio.controller.BetsController.getMyBetsByPage(java.lang.String,int,int)
[ INFO ] [2018-12-17 13:21:18] org.springframework.web.servlet.mvc.method.annotation.RequestMappingHandlerMapping [547] - Mapped "{[/api/v1/bets/savebetinfo],methods=[POST]}" onto public com.github.ontio.paramBean.Result com.github.ontio.controller.BetsController.saveBetInfo(java.lang.String)
[ INFO ] [2018-12-17 13:21:18] org.springframework.web.servlet.mvc.method.annotation.RequestMappingHandlerMapping [547] - Mapped "{[/api/v1/bets/gethugewinstopbynum/{num}],methods=[GET]}" onto public com.github.ontio.paramBean.Result com.github.ontio.controller.BetsController.getHugeWins(java.lang.Integer)
[ INFO ] [2018-12-17 13:21:18] org.springframework.web.servlet.mvc.method.annotation.RequestMappingHandlerMapping [547] - Mapped "{[/api/v1/bets/savehugewin],methods=[POST]}" onto public com.github.ontio.paramBean.Result com.github.ontio.controller.BetsController.saveHugeWin(java.lang.String)
[ INFO ] [2018-12-17 13:21:18] org.springframework.web.servlet.mvc.method.annotation.RequestMappingHandlerMapping [547] - Mapped "{[/error]}" onto public org.springframework.http.ResponseEntity<java.util.Map<java.lang.String, java.lang.Object>> org.springframework.boot.autoconfigure.web.servlet.error.BasicErrorController.error(javax.servlet.http.HttpServletRequest)
[ INFO ] [2018-12-17 13:21:18] org.springframework.web.servlet.mvc.method.annotation.RequestMappingHandlerMapping [547] - Mapped "{[/error],produces=[text/html]}" onto public org.springframework.web.servlet.ModelAndView org.springframework.boot.autoconfigure.web.servlet.error.BasicErrorController.errorHtml(javax.servlet.http.HttpServletRequest,javax.servlet.http.HttpServletResponse)
[ INFO ] [2018-12-17 13:21:18] org.springframework.web.servlet.handler.SimpleUrlHandlerMapping [373] - Mapped URL path [/webjars/**] onto handler of type [class org.springframework.web.servlet.resource.ResourceHttpRequestHandler]
[ INFO ] [2018-12-17 13:21:18] org.springframework.web.servlet.handler.SimpleUrlHandlerMapping [373] - Mapped URL path [/**] onto handler of type [class org.springframework.web.servlet.resource.ResourceHttpRequestHandler]
[ INFO ] [2018-12-17 13:21:19] org.springframework.jmx.export.annotation.AnnotationMBeanExporter [433] - Registering beans for JMX exposure on startup
[ INFO ] [2018-12-17 13:21:19] org.springframework.jmx.export.annotation.AnnotationMBeanExporter [895] - Bean with name 'dataSource' has been autodetected for JMX exposure
[ INFO ] [2018-12-17 13:21:19] org.springframework.jmx.export.annotation.AnnotationMBeanExporter [668] - Located MBean 'dataSource': registering with JMX server as MBean [com.zaxxer.hikari:name=dataSource,type=HikariDataSource]
[ INFO ] [2018-12-17 13:21:19] org.apache.coyote.http11.Http11NioProtocol [180] - Starting ProtocolHandler ["http-nio-8585"]
[ ERROR] [2018-12-17 13:21:19] org.apache.catalina.core.StandardService [182] - Failed to start connector [Connector[HTTP/1.1-8585]]
org.apache.catalina.LifecycleException: Failed to start component [Connector[HTTP/1.1-8585]]
	at org.apache.catalina.util.LifecycleBase.start(LifecycleBase.java:167)
	at org.apache.catalina.core.StandardService.addConnector(StandardService.java:225)
	at org.springframework.boot.web.embedded.tomcat.TomcatWebServer.addPreviouslyRemovedConnectors(TomcatWebServer.java:256)
	at org.springframework.boot.web.embedded.tomcat.TomcatWebServer.start(TomcatWebServer.java:198)
	at org.springframework.boot.web.servlet.context.ServletWebServerApplicationContext.startWebServer(ServletWebServerApplicationContext.java:300)
	at org.springframework.boot.web.servlet.context.ServletWebServerApplicationContext.finishRefresh(ServletWebServerApplicationContext.java:162)
	at org.springframework.context.support.AbstractApplicationContext.refresh(AbstractApplicationContext.java:553)
	at org.springframework.boot.web.servlet.context.ServletWebServerApplicationContext.refresh(ServletWebServerApplicationContext.java:140)
	at org.springframework.boot.SpringApplication.refresh(SpringApplication.java:759)
	at org.springframework.boot.SpringApplication.refreshContext(SpringApplication.java:395)
	at org.springframework.boot.SpringApplication.run(SpringApplication.java:327)
	at org.springframework.boot.SpringApplication.run(SpringApplication.java:1255)
	at org.springframework.boot.SpringApplication.run(SpringApplication.java:1243)
	at com.github.ontio.ExplorerApplication.main(ExplorerApplication.java:16)
Caused by: org.apache.catalina.LifecycleException: Protocol handler start failed
	at org.apache.catalina.connector.Connector.startInternal(Connector.java:1020)
	at org.apache.catalina.util.LifecycleBase.start(LifecycleBase.java:150)
	... 13 common frames omitted
Caused by: java.net.BindException: Address already in use
	at sun.nio.ch.Net.bind0(Native Method)
	at sun.nio.ch.Net.bind(Net.java:433)
	at sun.nio.ch.Net.bind(Net.java:425)
	at sun.nio.ch.ServerSocketChannelImpl.bind(ServerSocketChannelImpl.java:223)
	at sun.nio.ch.ServerSocketAdaptor.bind(ServerSocketAdaptor.java:74)
	at org.apache.tomcat.util.net.NioEndpoint.bind(NioEndpoint.java:210)
	at org.apache.tomcat.util.net.AbstractEndpoint.start(AbstractEndpoint.java:1150)
	at org.apache.coyote.AbstractProtocol.start(AbstractProtocol.java:591)
	at org.apache.catalina.connector.Connector.startInternal(Connector.java:1018)
	... 14 common frames omitted
[ INFO ] [2018-12-17 13:21:19] org.apache.coyote.http11.Http11NioProtocol [180] - Pausing ProtocolHandler ["http-nio-8585"]
[ INFO ] [2018-12-17 13:21:19] org.apache.catalina.core.StandardService [180] - Stopping service [Tomcat]
[ INFO ] [2018-12-17 13:21:19] org.apache.catalina.util.LifecycleBase [180] - The stop() method was called on component [StandardServer[-1]] after stop() had already been called. The second call will be ignored.
[ INFO ] [2018-12-17 13:21:19] org.apache.coyote.http11.Http11NioProtocol [180] - Stopping ProtocolHandler ["http-nio-8585"]
[ INFO ] [2018-12-17 13:21:19] org.apache.coyote.http11.Http11NioProtocol [180] - Destroying ProtocolHandler ["http-nio-8585"]
[ INFO ] [2018-12-17 13:21:19] org.springframework.boot.autoconfigure.logging.ConditionEvaluationReportLoggingListener [101] - 

Error starting ApplicationContext. To display the conditions report re-run your application with 'debug' enabled.
[ ERROR] [2018-12-17 13:21:19] org.springframework.boot.diagnostics.LoggingFailureAnalysisReporter [42] - 

***************************
APPLICATION FAILED TO START
***************************

Description:

The Tomcat connector configured to listen on port 8585 failed to start. The port may already be in use or the connector may be misconfigured.

Action:

Verify the connector's configuration, identify and stop any process that's listening on port 8585, or configure this application to listen on another port.

[ INFO ] [2018-12-17 13:21:19] org.springframework.boot.web.servlet.context.AnnotationConfigServletWebServerApplicationContext [993] - Closing org.springframework.boot.web.servlet.context.AnnotationConfigServletWebServerApplicationContext@7b9a4292: startup date [Mon Dec 17 13:21:16 CST 2018]; root of context hierarchy
[ INFO ] [2018-12-17 13:21:19] org.springframework.jmx.export.annotation.AnnotationMBeanExporter [451] - Unregistering JMX-exposed beans on shutdown
[ INFO ] [2018-12-17 13:21:19] org.springframework.jmx.export.annotation.AnnotationMBeanExporter [183] - Unregistering JMX-exposed beans
[ INFO ] [2018-12-17 13:21:46] com.github.ontio.ExplorerApplication [50] - Starting ExplorerApplication on sss.local with PID 5971 (/Users/sss/dev/localgit/javaProject/wontologyserver/target/classes started by sss in /Users/sss/dev/localgit/javaProject/wontologyserver)
[ DEBUG] [2018-12-17 13:21:46] com.github.ontio.ExplorerApplication [53] - Running with Spring Boot v2.0.3.RELEASE, Spring v5.0.7.RELEASE
[ INFO ] [2018-12-17 13:21:46] com.github.ontio.ExplorerApplication [663] - The following profiles are active: uat
[ INFO ] [2018-12-17 13:21:46] org.springframework.boot.web.servlet.context.AnnotationConfigServletWebServerApplicationContext [590] - Refreshing org.springframework.boot.web.servlet.context.AnnotationConfigServletWebServerApplicationContext@478190fc: startup date [Mon Dec 17 13:21:46 CST 2018]; root of context hierarchy
[ WARN ] [2018-12-17 13:21:47] org.mybatis.spring.mapper.ClassPathMapperScanner [239] - Skipping MapperFactoryBean with name 'BankerInfoMapper' and 'com.github.ontio.dao.BankerInfoMapper' mapperInterface. Bean already defined with the same name!
[ WARN ] [2018-12-17 13:21:47] org.mybatis.spring.mapper.ClassPathMapperScanner [239] - Skipping MapperFactoryBean with name 'BetsInfoMapper' and 'com.github.ontio.dao.BuyRecordInfoMapper' mapperInterface. Bean already defined with the same name!
[ WARN ] [2018-12-17 13:21:47] org.mybatis.spring.mapper.ClassPathMapperScanner [239] - Skipping MapperFactoryBean with name 'BlkHeightMainMapper' and 'com.github.ontio.dao.BlkHeightMainMapper' mapperInterface. Bean already defined with the same name!
[ WARN ] [2018-12-17 13:21:47] org.mybatis.spring.mapper.ClassPathMapperScanner [166] - No MyBatis mapper was found in '[com.github.ontio.dao]' package. Please check your configuration.
[ INFO ] [2018-12-17 13:21:47] org.springframework.data.repository.config.RepositoryConfigurationDelegate [163] - Multiple Spring Data modules found, entering strict repository configuration mode!
[ INFO ] [2018-12-17 13:21:48] org.springframework.context.support.PostProcessorRegistrationDelegate$BeanPostProcessorChecker [328] - Bean 'org.springframework.ws.config.annotation.DelegatingWsConfiguration' of type [org.springframework.ws.config.annotation.DelegatingWsConfiguration$$EnhancerBySpringCGLIB$$8be98c31] is not eligible for getting processed by all BeanPostProcessors (for example: not eligible for auto-proxying)
[ INFO ] [2018-12-17 13:21:48] org.springframework.ws.soap.addressing.server.AnnotationActionEndpointMapping [236] - Supporting [WS-Addressing August 2004, WS-Addressing 1.0]
[ INFO ] [2018-12-17 13:21:48] org.springframework.context.support.PostProcessorRegistrationDelegate$BeanPostProcessorChecker [328] - Bean 'org.springframework.transaction.annotation.ProxyTransactionManagementConfiguration' of type [org.springframework.transaction.annotation.ProxyTransactionManagementConfiguration$$EnhancerBySpringCGLIB$$e751c732] is not eligible for getting processed by all BeanPostProcessors (for example: not eligible for auto-proxying)
[ INFO ] [2018-12-17 13:21:48] org.springframework.boot.web.embedded.tomcat.TomcatWebServer [91] - Tomcat initialized with port(s): 8585 (http)
[ INFO ] [2018-12-17 13:21:48] org.apache.coyote.http11.Http11NioProtocol [180] - Initializing ProtocolHandler ["http-nio-8585"]
[ INFO ] [2018-12-17 13:21:48] org.apache.catalina.core.StandardService [180] - Starting service [Tomcat]
[ INFO ] [2018-12-17 13:21:48] org.apache.catalina.core.StandardEngine [180] - Starting Servlet Engine: Apache Tomcat/8.5.31
[ INFO ] [2018-12-17 13:21:48] org.apache.catalina.core.AprLifecycleListener [180] - The APR based Apache Tomcat Native library which allows optimal performance in production environments was not found on the java.library.path: [/Users/sss/Library/Java/Extensions:/Library/Java/Extensions:/Network/Library/Java/Extensions:/System/Library/Java/Extensions:/usr/lib/java:.]
[ INFO ] [2018-12-17 13:21:48] org.apache.catalina.core.ContainerBase.[Tomcat].[localhost].[/] [180] - Initializing Spring embedded WebApplicationContext
[ INFO ] [2018-12-17 13:21:48] org.springframework.web.context.ContextLoader [285] - Root WebApplicationContext: initialization completed in 1926 ms
[ INFO ] [2018-12-17 13:21:48] org.springframework.boot.web.servlet.ServletRegistrationBean [186] - Servlet dispatcherServlet mapped to [/]
[ INFO ] [2018-12-17 13:21:48] org.springframework.boot.web.servlet.ServletRegistrationBean [186] - Servlet messageDispatcherServlet mapped to [/services/*]
[ INFO ] [2018-12-17 13:21:48] org.springframework.boot.web.servlet.FilterRegistrationBean [245] - Mapping filter: 'characterEncodingFilter' to: [/*]
[ INFO ] [2018-12-17 13:21:48] org.springframework.boot.web.servlet.FilterRegistrationBean [245] - Mapping filter: 'hiddenHttpMethodFilter' to: [/*]
[ INFO ] [2018-12-17 13:21:48] org.springframework.boot.web.servlet.FilterRegistrationBean [245] - Mapping filter: 'httpPutFormContentFilter' to: [/*]
[ INFO ] [2018-12-17 13:21:48] org.springframework.boot.web.servlet.FilterRegistrationBean [245] - Mapping filter: 'requestContextFilter' to: [/*]
[ INFO ] [2018-12-17 13:21:48] org.springframework.boot.web.servlet.FilterRegistrationBean [245] - Mapping filter: 'simpleCORSFilter' to: [/*]
[ INFO ] [2018-12-17 13:21:49] org.springframework.web.servlet.handler.SimpleUrlHandlerMapping [373] - Mapped URL path [/**/favicon.ico] onto handler of type [class org.springframework.web.servlet.resource.ResourceHttpRequestHandler]
[ INFO ] [2018-12-17 13:21:49] org.springframework.web.servlet.mvc.method.annotation.RequestMappingHandlerAdapter [574] - Looking for @ControllerAdvice: org.springframework.boot.web.servlet.context.AnnotationConfigServletWebServerApplicationContext@478190fc: startup date [Mon Dec 17 13:21:46 CST 2018]; root of context hierarchy
[ INFO ] [2018-12-17 13:21:49] org.springframework.web.servlet.mvc.method.annotation.RequestMappingHandlerMapping [547] - Mapped "{[/api/v1/banker/getbankerinvestbypage/{banker}/{pagesize}/{pagenumber}],methods=[GET]}" onto public com.github.ontio.paramBean.Result com.github.ontio.controller.BankerController.getBankerInvestByPage(java.lang.String,java.lang.Integer,java.lang.Integer)
[ INFO ] [2018-12-17 13:21:49] org.springframework.web.servlet.mvc.method.annotation.RequestMappingHandlerMapping [547] - Mapped "{[/api/v1/banker/getbankerwithdrawbypage/{banker}/{pagesize}/{pagenumber}],methods=[GET]}" onto public com.github.ontio.paramBean.Result com.github.ontio.controller.BankerController.getBankerWithdrawByPage(java.lang.String,java.lang.Integer,java.lang.Integer)
[ INFO ] [2018-12-17 13:21:49] org.springframework.web.servlet.mvc.method.annotation.RequestMappingHandlerMapping [547] - Mapped "{[/api/v1/banker/savebankerinvest],methods=[POST]}" onto public com.github.ontio.paramBean.Result com.github.ontio.controller.BankerController.saveBankerInvest(java.lang.String)
[ INFO ] [2018-12-17 13:21:49] org.springframework.web.servlet.mvc.method.annotation.RequestMappingHandlerMapping [547] - Mapped "{[/api/v1/banker/savebankerwithdraw],methods=[POST]}" onto public com.github.ontio.paramBean.Result com.github.ontio.controller.BankerController.saveBankerWithdraw(java.lang.String)
[ INFO ] [2018-12-17 13:21:49] org.springframework.web.servlet.mvc.method.annotation.RequestMappingHandlerMapping [547] - Mapped "{[/api/v1/bets/getbetsbypage/{pagesize}/{pagenumber}],methods=[GET]}" onto public com.github.ontio.paramBean.Result com.github.ontio.controller.BetsController.getBetsByPage(java.lang.Integer,java.lang.Integer)
[ INFO ] [2018-12-17 13:21:49] org.springframework.web.servlet.mvc.method.annotation.RequestMappingHandlerMapping [547] - Mapped "{[/api/v1/bets/getmybetsbybettor/{bettor}],methods=[GET]}" onto public com.github.ontio.paramBean.Result com.github.ontio.controller.BetsController.getMyBets(java.lang.String)
[ INFO ] [2018-12-17 13:21:49] org.springframework.web.servlet.mvc.method.annotation.RequestMappingHandlerMapping [547] - Mapped "{[/api/v1/bets/getmybetsbypage/{bettor}/{pageSize}/{pageNumber}],methods=[GET]}" onto public com.github.ontio.paramBean.Result com.github.ontio.controller.BetsController.getMyBetsByPage(java.lang.String,int,int)
[ INFO ] [2018-12-17 13:21:49] org.springframework.web.servlet.mvc.method.annotation.RequestMappingHandlerMapping [547] - Mapped "{[/api/v1/bets/savebetinfo],methods=[POST]}" onto public com.github.ontio.paramBean.Result com.github.ontio.controller.BetsController.saveBetInfo(java.lang.String)
[ INFO ] [2018-12-17 13:21:49] org.springframework.web.servlet.mvc.method.annotation.RequestMappingHandlerMapping [547] - Mapped "{[/api/v1/bets/gethugewinstopbynum/{num}],methods=[GET]}" onto public com.github.ontio.paramBean.Result com.github.ontio.controller.BetsController.getHugeWins(java.lang.Integer)
[ INFO ] [2018-12-17 13:21:49] org.springframework.web.servlet.mvc.method.annotation.RequestMappingHandlerMapping [547] - Mapped "{[/api/v1/bets/savehugewin],methods=[POST]}" onto public com.github.ontio.paramBean.Result com.github.ontio.controller.BetsController.saveHugeWin(java.lang.String)
[ INFO ] [2018-12-17 13:21:49] org.springframework.web.servlet.mvc.method.annotation.RequestMappingHandlerMapping [547] - Mapped "{[/error]}" onto public org.springframework.http.ResponseEntity<java.util.Map<java.lang.String, java.lang.Object>> org.springframework.boot.autoconfigure.web.servlet.error.BasicErrorController.error(javax.servlet.http.HttpServletRequest)
[ INFO ] [2018-12-17 13:21:49] org.springframework.web.servlet.mvc.method.annotation.RequestMappingHandlerMapping [547] - Mapped "{[/error],produces=[text/html]}" onto public org.springframework.web.servlet.ModelAndView org.springframework.boot.autoconfigure.web.servlet.error.BasicErrorController.errorHtml(javax.servlet.http.HttpServletRequest,javax.servlet.http.HttpServletResponse)
[ INFO ] [2018-12-17 13:21:49] org.springframework.web.servlet.handler.SimpleUrlHandlerMapping [373] - Mapped URL path [/webjars/**] onto handler of type [class org.springframework.web.servlet.resource.ResourceHttpRequestHandler]
[ INFO ] [2018-12-17 13:21:49] org.springframework.web.servlet.handler.SimpleUrlHandlerMapping [373] - Mapped URL path [/**] onto handler of type [class org.springframework.web.servlet.resource.ResourceHttpRequestHandler]
[ INFO ] [2018-12-17 13:21:50] org.springframework.jmx.export.annotation.AnnotationMBeanExporter [433] - Registering beans for JMX exposure on startup
[ INFO ] [2018-12-17 13:21:50] org.springframework.jmx.export.annotation.AnnotationMBeanExporter [895] - Bean with name 'dataSource' has been autodetected for JMX exposure
[ INFO ] [2018-12-17 13:21:50] org.springframework.jmx.export.annotation.AnnotationMBeanExporter [668] - Located MBean 'dataSource': registering with JMX server as MBean [com.zaxxer.hikari:name=dataSource,type=HikariDataSource]
[ INFO ] [2018-12-17 13:21:50] org.apache.coyote.http11.Http11NioProtocol [180] - Starting ProtocolHandler ["http-nio-8585"]
[ ERROR] [2018-12-17 13:21:50] org.apache.catalina.core.StandardService [182] - Failed to start connector [Connector[HTTP/1.1-8585]]
org.apache.catalina.LifecycleException: Failed to start component [Connector[HTTP/1.1-8585]]
	at org.apache.catalina.util.LifecycleBase.start(LifecycleBase.java:167)
	at org.apache.catalina.core.StandardService.addConnector(StandardService.java:225)
	at org.springframework.boot.web.embedded.tomcat.TomcatWebServer.addPreviouslyRemovedConnectors(TomcatWebServer.java:256)
	at org.springframework.boot.web.embedded.tomcat.TomcatWebServer.start(TomcatWebServer.java:198)
	at org.springframework.boot.web.servlet.context.ServletWebServerApplicationContext.startWebServer(ServletWebServerApplicationContext.java:300)
	at org.springframework.boot.web.servlet.context.ServletWebServerApplicationContext.finishRefresh(ServletWebServerApplicationContext.java:162)
	at org.springframework.context.support.AbstractApplicationContext.refresh(AbstractApplicationContext.java:553)
	at org.springframework.boot.web.servlet.context.ServletWebServerApplicationContext.refresh(ServletWebServerApplicationContext.java:140)
	at org.springframework.boot.SpringApplication.refresh(SpringApplication.java:759)
	at org.springframework.boot.SpringApplication.refreshContext(SpringApplication.java:395)
	at org.springframework.boot.SpringApplication.run(SpringApplication.java:327)
	at org.springframework.boot.SpringApplication.run(SpringApplication.java:1255)
	at org.springframework.boot.SpringApplication.run(SpringApplication.java:1243)
	at com.github.ontio.ExplorerApplication.main(ExplorerApplication.java:16)
Caused by: org.apache.catalina.LifecycleException: Protocol handler start failed
	at org.apache.catalina.connector.Connector.startInternal(Connector.java:1020)
	at org.apache.catalina.util.LifecycleBase.start(LifecycleBase.java:150)
	... 13 common frames omitted
Caused by: java.net.BindException: Address already in use
	at sun.nio.ch.Net.bind0(Native Method)
	at sun.nio.ch.Net.bind(Net.java:433)
	at sun.nio.ch.Net.bind(Net.java:425)
	at sun.nio.ch.ServerSocketChannelImpl.bind(ServerSocketChannelImpl.java:223)
	at sun.nio.ch.ServerSocketAdaptor.bind(ServerSocketAdaptor.java:74)
	at org.apache.tomcat.util.net.NioEndpoint.bind(NioEndpoint.java:210)
	at org.apache.tomcat.util.net.AbstractEndpoint.start(AbstractEndpoint.java:1150)
	at org.apache.coyote.AbstractProtocol.start(AbstractProtocol.java:591)
	at org.apache.catalina.connector.Connector.startInternal(Connector.java:1018)
	... 14 common frames omitted
[ INFO ] [2018-12-17 13:21:50] org.apache.coyote.http11.Http11NioProtocol [180] - Pausing ProtocolHandler ["http-nio-8585"]
[ INFO ] [2018-12-17 13:21:50] org.apache.catalina.core.StandardService [180] - Stopping service [Tomcat]
[ INFO ] [2018-12-17 13:21:50] org.apache.catalina.util.LifecycleBase [180] - The stop() method was called on component [StandardServer[-1]] after stop() had already been called. The second call will be ignored.
[ INFO ] [2018-12-17 13:21:50] org.apache.coyote.http11.Http11NioProtocol [180] - Stopping ProtocolHandler ["http-nio-8585"]
[ INFO ] [2018-12-17 13:21:50] org.apache.coyote.http11.Http11NioProtocol [180] - Destroying ProtocolHandler ["http-nio-8585"]
[ INFO ] [2018-12-17 13:21:50] org.springframework.boot.autoconfigure.logging.ConditionEvaluationReportLoggingListener [101] - 

Error starting ApplicationContext. To display the conditions report re-run your application with 'debug' enabled.
[ ERROR] [2018-12-17 13:21:50] org.springframework.boot.diagnostics.LoggingFailureAnalysisReporter [42] - 

***************************
APPLICATION FAILED TO START
***************************

Description:

The Tomcat connector configured to listen on port 8585 failed to start. The port may already be in use or the connector may be misconfigured.

Action:

Verify the connector's configuration, identify and stop any process that's listening on port 8585, or configure this application to listen on another port.

[ INFO ] [2018-12-17 13:21:50] org.springframework.boot.web.servlet.context.AnnotationConfigServletWebServerApplicationContext [993] - Closing org.springframework.boot.web.servlet.context.AnnotationConfigServletWebServerApplicationContext@478190fc: startup date [Mon Dec 17 13:21:46 CST 2018]; root of context hierarchy
[ INFO ] [2018-12-17 13:21:50] org.springframework.jmx.export.annotation.AnnotationMBeanExporter [451] - Unregistering JMX-exposed beans on shutdown
[ INFO ] [2018-12-17 13:21:50] org.springframework.jmx.export.annotation.AnnotationMBeanExporter [183] - Unregistering JMX-exposed beans
[ INFO ] [2018-12-17 13:24:14] org.springframework.boot.web.servlet.context.AnnotationConfigServletWebServerApplicationContext [993] - Closing org.springframework.boot.web.servlet.context.AnnotationConfigServletWebServerApplicationContext@6379eb: startup date [Mon Dec 17 11:21:20 CST 2018]; root of context hierarchy
[ INFO ] [2018-12-17 13:24:14] org.springframework.jmx.export.annotation.AnnotationMBeanExporter [451] - Unregistering JMX-exposed beans on shutdown
[ INFO ] [2018-12-17 13:24:14] org.springframework.jmx.export.annotation.AnnotationMBeanExporter [183] - Unregistering JMX-exposed beans
[ INFO ] [2018-12-17 13:24:14] org.springframework.scheduling.concurrent.ThreadPoolTaskExecutor [208] - Shutting down ExecutorService 'taskExecutor'
[ INFO ] [2018-12-17 13:25:40] com.github.ontio.ExplorerApplication [50] - Starting ExplorerApplication on sss with PID 674 (/Users/sss/dev/localgit/javaProject/wontologyserver/target/classes started by sss in /Users/sss/dev/localgit/javaProject/wontologyserver)
[ DEBUG] [2018-12-17 13:25:40] com.github.ontio.ExplorerApplication [53] - Running with Spring Boot v2.0.3.RELEASE, Spring v5.0.7.RELEASE
[ INFO ] [2018-12-17 13:25:40] com.github.ontio.ExplorerApplication [663] - The following profiles are active: uat
[ INFO ] [2018-12-17 13:25:40] org.springframework.boot.web.servlet.context.AnnotationConfigServletWebServerApplicationContext [590] - Refreshing org.springframework.boot.web.servlet.context.AnnotationConfigServletWebServerApplicationContext@67d48005: startup date [Mon Dec 17 13:25:40 CST 2018]; root of context hierarchy
[ WARN ] [2018-12-17 13:25:41] org.mybatis.spring.mapper.ClassPathMapperScanner [239] - Skipping MapperFactoryBean with name 'BankerInfoMapper' and 'com.github.ontio.dao.BankerInfoMapper' mapperInterface. Bean already defined with the same name!
[ WARN ] [2018-12-17 13:25:41] org.mybatis.spring.mapper.ClassPathMapperScanner [239] - Skipping MapperFactoryBean with name 'BetsInfoMapper' and 'com.github.ontio.dao.BuyRecordInfoMapper' mapperInterface. Bean already defined with the same name!
[ WARN ] [2018-12-17 13:25:41] org.mybatis.spring.mapper.ClassPathMapperScanner [239] - Skipping MapperFactoryBean with name 'BlkHeightMainMapper' and 'com.github.ontio.dao.BlkHeightMainMapper' mapperInterface. Bean already defined with the same name!
[ WARN ] [2018-12-17 13:25:41] org.mybatis.spring.mapper.ClassPathMapperScanner [166] - No MyBatis mapper was found in '[com.github.ontio.dao]' package. Please check your configuration.
[ INFO ] [2018-12-17 13:25:42] org.springframework.data.repository.config.RepositoryConfigurationDelegate [163] - Multiple Spring Data modules found, entering strict repository configuration mode!
[ INFO ] [2018-12-17 13:25:42] org.springframework.context.support.PostProcessorRegistrationDelegate$BeanPostProcessorChecker [328] - Bean 'org.springframework.ws.config.annotation.DelegatingWsConfiguration' of type [org.springframework.ws.config.annotation.DelegatingWsConfiguration$$EnhancerBySpringCGLIB$$9fab47d8] is not eligible for getting processed by all BeanPostProcessors (for example: not eligible for auto-proxying)
[ INFO ] [2018-12-17 13:25:42] org.springframework.ws.soap.addressing.server.AnnotationActionEndpointMapping [236] - Supporting [WS-Addressing August 2004, WS-Addressing 1.0]
[ INFO ] [2018-12-17 13:25:42] org.springframework.context.support.PostProcessorRegistrationDelegate$BeanPostProcessorChecker [328] - Bean 'org.springframework.transaction.annotation.ProxyTransactionManagementConfiguration' of type [org.springframework.transaction.annotation.ProxyTransactionManagementConfiguration$$EnhancerBySpringCGLIB$$fb1382d9] is not eligible for getting processed by all BeanPostProcessors (for example: not eligible for auto-proxying)
[ INFO ] [2018-12-17 13:25:43] org.springframework.boot.web.embedded.tomcat.TomcatWebServer [91] - Tomcat initialized with port(s): 8585 (http)
[ INFO ] [2018-12-17 13:25:43] org.apache.coyote.http11.Http11NioProtocol [180] - Initializing ProtocolHandler ["http-nio-8585"]
[ INFO ] [2018-12-17 13:25:43] org.apache.catalina.core.StandardService [180] - Starting service [Tomcat]
[ INFO ] [2018-12-17 13:25:43] org.apache.catalina.core.StandardEngine [180] - Starting Servlet Engine: Apache Tomcat/8.5.31
[ INFO ] [2018-12-17 13:25:43] org.apache.catalina.core.AprLifecycleListener [180] - The APR based Apache Tomcat Native library which allows optimal performance in production environments was not found on the java.library.path: [/Users/sss/Library/Java/Extensions:/Library/Java/Extensions:/Network/Library/Java/Extensions:/System/Library/Java/Extensions:/usr/lib/java:.]
[ INFO ] [2018-12-17 13:25:43] org.apache.catalina.core.ContainerBase.[Tomcat].[localhost].[/] [180] - Initializing Spring embedded WebApplicationContext
[ INFO ] [2018-12-17 13:25:43] org.springframework.web.context.ContextLoader [285] - Root WebApplicationContext: initialization completed in 2415 ms
[ INFO ] [2018-12-17 13:25:43] org.springframework.boot.web.servlet.ServletRegistrationBean [186] - Servlet dispatcherServlet mapped to [/]
[ INFO ] [2018-12-17 13:25:43] org.springframework.boot.web.servlet.ServletRegistrationBean [186] - Servlet messageDispatcherServlet mapped to [/services/*]
[ INFO ] [2018-12-17 13:25:43] org.springframework.boot.web.servlet.FilterRegistrationBean [245] - Mapping filter: 'characterEncodingFilter' to: [/*]
[ INFO ] [2018-12-17 13:25:43] org.springframework.boot.web.servlet.FilterRegistrationBean [245] - Mapping filter: 'hiddenHttpMethodFilter' to: [/*]
[ INFO ] [2018-12-17 13:25:43] org.springframework.boot.web.servlet.FilterRegistrationBean [245] - Mapping filter: 'httpPutFormContentFilter' to: [/*]
[ INFO ] [2018-12-17 13:25:43] org.springframework.boot.web.servlet.FilterRegistrationBean [245] - Mapping filter: 'requestContextFilter' to: [/*]
[ INFO ] [2018-12-17 13:25:43] org.springframework.boot.web.servlet.FilterRegistrationBean [245] - Mapping filter: 'simpleCORSFilter' to: [/*]
[ INFO ] [2018-12-17 13:25:44] org.springframework.web.servlet.handler.SimpleUrlHandlerMapping [373] - Mapped URL path [/**/favicon.ico] onto handler of type [class org.springframework.web.servlet.resource.ResourceHttpRequestHandler]
[ INFO ] [2018-12-17 13:25:44] org.springframework.web.servlet.mvc.method.annotation.RequestMappingHandlerAdapter [574] - Looking for @ControllerAdvice: org.springframework.boot.web.servlet.context.AnnotationConfigServletWebServerApplicationContext@67d48005: startup date [Mon Dec 17 13:25:40 CST 2018]; root of context hierarchy
[ INFO ] [2018-12-17 13:25:44] org.springframework.web.servlet.mvc.method.annotation.RequestMappingHandlerMapping [547] - Mapped "{[/api/v1/banker/getbankerinvestbypage/{banker}/{pagesize}/{pagenumber}],methods=[GET]}" onto public com.github.ontio.paramBean.Result com.github.ontio.controller.BankerController.getBankerInvestByPage(java.lang.String,java.lang.Integer,java.lang.Integer)
[ INFO ] [2018-12-17 13:25:44] org.springframework.web.servlet.mvc.method.annotation.RequestMappingHandlerMapping [547] - Mapped "{[/api/v1/banker/getbankerwithdrawbypage/{banker}/{pagesize}/{pagenumber}],methods=[GET]}" onto public com.github.ontio.paramBean.Result com.github.ontio.controller.BankerController.getBankerWithdrawByPage(java.lang.String,java.lang.Integer,java.lang.Integer)
[ INFO ] [2018-12-17 13:25:44] org.springframework.web.servlet.mvc.method.annotation.RequestMappingHandlerMapping [547] - Mapped "{[/api/v1/banker/savebankerinvest],methods=[POST]}" onto public com.github.ontio.paramBean.Result com.github.ontio.controller.BankerController.saveBankerInvest(java.lang.String)
[ INFO ] [2018-12-17 13:25:44] org.springframework.web.servlet.mvc.method.annotation.RequestMappingHandlerMapping [547] - Mapped "{[/api/v1/banker/savebankerwithdraw],methods=[POST]}" onto public com.github.ontio.paramBean.Result com.github.ontio.controller.BankerController.saveBankerWithdraw(java.lang.String)
[ INFO ] [2018-12-17 13:25:44] org.springframework.web.servlet.mvc.method.annotation.RequestMappingHandlerMapping [547] - Mapped "{[/api/v1/bets/getbetsbypage/{pagesize}/{pagenumber}],methods=[GET]}" onto public com.github.ontio.paramBean.Result com.github.ontio.controller.BetsController.getBetsByPage(java.lang.Integer,java.lang.Integer)
[ INFO ] [2018-12-17 13:25:44] org.springframework.web.servlet.mvc.method.annotation.RequestMappingHandlerMapping [547] - Mapped "{[/api/v1/bets/getmybetsbybettor/{bettor}],methods=[GET]}" onto public com.github.ontio.paramBean.Result com.github.ontio.controller.BetsController.getMyBets(java.lang.String)
[ INFO ] [2018-12-17 13:25:44] org.springframework.web.servlet.mvc.method.annotation.RequestMappingHandlerMapping [547] - Mapped "{[/api/v1/bets/getmybetsbypage/{bettor}/{pageSize}/{pageNumber}],methods=[GET]}" onto public com.github.ontio.paramBean.Result com.github.ontio.controller.BetsController.getMyBetsByPage(java.lang.String,int,int)
[ INFO ] [2018-12-17 13:25:44] org.springframework.web.servlet.mvc.method.annotation.RequestMappingHandlerMapping [547] - Mapped "{[/api/v1/bets/savebetinfo],methods=[POST]}" onto public com.github.ontio.paramBean.Result com.github.ontio.controller.BetsController.saveBetInfo(java.lang.String)
[ INFO ] [2018-12-17 13:25:44] org.springframework.web.servlet.mvc.method.annotation.RequestMappingHandlerMapping [547] - Mapped "{[/api/v1/bets/gethugewinstopbynum/{num}],methods=[GET]}" onto public com.github.ontio.paramBean.Result com.github.ontio.controller.BetsController.getHugeWins(java.lang.Integer)
[ INFO ] [2018-12-17 13:25:44] org.springframework.web.servlet.mvc.method.annotation.RequestMappingHandlerMapping [547] - Mapped "{[/api/v1/bets/savehugewin],methods=[POST]}" onto public com.github.ontio.paramBean.Result com.github.ontio.controller.BetsController.saveHugeWin(java.lang.String)
[ INFO ] [2018-12-17 13:25:44] org.springframework.web.servlet.mvc.method.annotation.RequestMappingHandlerMapping [547] - Mapped "{[/error]}" onto public org.springframework.http.ResponseEntity<java.util.Map<java.lang.String, java.lang.Object>> org.springframework.boot.autoconfigure.web.servlet.error.BasicErrorController.error(javax.servlet.http.HttpServletRequest)
[ INFO ] [2018-12-17 13:25:44] org.springframework.web.servlet.mvc.method.annotation.RequestMappingHandlerMapping [547] - Mapped "{[/error],produces=[text/html]}" onto public org.springframework.web.servlet.ModelAndView org.springframework.boot.autoconfigure.web.servlet.error.BasicErrorController.errorHtml(javax.servlet.http.HttpServletRequest,javax.servlet.http.HttpServletResponse)
[ INFO ] [2018-12-17 13:25:44] org.springframework.web.servlet.handler.SimpleUrlHandlerMapping [373] - Mapped URL path [/webjars/**] onto handler of type [class org.springframework.web.servlet.resource.ResourceHttpRequestHandler]
[ INFO ] [2018-12-17 13:25:44] org.springframework.web.servlet.handler.SimpleUrlHandlerMapping [373] - Mapped URL path [/**] onto handler of type [class org.springframework.web.servlet.resource.ResourceHttpRequestHandler]
[ INFO ] [2018-12-17 13:25:45] org.springframework.jmx.export.annotation.AnnotationMBeanExporter [433] - Registering beans for JMX exposure on startup
[ INFO ] [2018-12-17 13:25:45] org.springframework.jmx.export.annotation.AnnotationMBeanExporter [895] - Bean with name 'dataSource' has been autodetected for JMX exposure
[ INFO ] [2018-12-17 13:25:45] org.springframework.jmx.export.annotation.AnnotationMBeanExporter [668] - Located MBean 'dataSource': registering with JMX server as MBean [com.zaxxer.hikari:name=dataSource,type=HikariDataSource]
[ INFO ] [2018-12-17 13:25:45] org.apache.coyote.http11.Http11NioProtocol [180] - Starting ProtocolHandler ["http-nio-8585"]
[ INFO ] [2018-12-17 13:25:45] org.apache.tomcat.util.net.NioSelectorPool [180] - Using a shared selector for servlet write/read
[ INFO ] [2018-12-17 13:25:45] org.springframework.boot.web.embedded.tomcat.TomcatWebServer [206] - Tomcat started on port(s): 8585 (http) with context path ''
[ INFO ] [2018-12-17 13:25:45] com.github.ontio.ExplorerApplication [59] - Started ExplorerApplication in 5.106 seconds (JVM running for 5.76)
[ INFO ] [2018-12-17 13:25:51] org.springframework.boot.web.servlet.context.AnnotationConfigServletWebServerApplicationContext [993] - Closing org.springframework.boot.web.servlet.context.AnnotationConfigServletWebServerApplicationContext@67d48005: startup date [Mon Dec 17 13:25:40 CST 2018]; root of context hierarchy
[ INFO ] [2018-12-17 13:25:51] org.springframework.jmx.export.annotation.AnnotationMBeanExporter [451] - Unregistering JMX-exposed beans on shutdown
[ INFO ] [2018-12-17 13:25:51] org.springframework.jmx.export.annotation.AnnotationMBeanExporter [183] - Unregistering JMX-exposed beans
[ INFO ] [2018-12-17 13:27:17] com.github.ontio.ExplorerApplication [50] - Starting ExplorerApplication on sss with PID 828 (/Users/sss/dev/localgit/javaProject/wontologyserver/target/classes started by sss in /Users/sss/dev/localgit/javaProject/wontologyserver)
[ DEBUG] [2018-12-17 13:27:17] com.github.ontio.ExplorerApplication [53] - Running with Spring Boot v2.0.3.RELEASE, Spring v5.0.7.RELEASE
[ INFO ] [2018-12-17 13:27:17] com.github.ontio.ExplorerApplication [663] - The following profiles are active: uat
[ INFO ] [2018-12-17 13:27:17] org.springframework.boot.web.servlet.context.AnnotationConfigServletWebServerApplicationContext [590] - Refreshing org.springframework.boot.web.servlet.context.AnnotationConfigServletWebServerApplicationContext@6379eb: startup date [Mon Dec 17 13:27:17 CST 2018]; root of context hierarchy
[ WARN ] [2018-12-17 13:27:18] org.mybatis.spring.mapper.ClassPathMapperScanner [239] - Skipping MapperFactoryBean with name 'BankerInfoMapper' and 'com.github.ontio.dao.BankerInfoMapper' mapperInterface. Bean already defined with the same name!
[ WARN ] [2018-12-17 13:27:18] org.mybatis.spring.mapper.ClassPathMapperScanner [239] - Skipping MapperFactoryBean with name 'BetsInfoMapper' and 'com.github.ontio.dao.BuyRecordInfoMapper' mapperInterface. Bean already defined with the same name!
[ WARN ] [2018-12-17 13:27:18] org.mybatis.spring.mapper.ClassPathMapperScanner [239] - Skipping MapperFactoryBean with name 'BlkHeightMainMapper' and 'com.github.ontio.dao.BlkHeightMainMapper' mapperInterface. Bean already defined with the same name!
[ WARN ] [2018-12-17 13:27:18] org.mybatis.spring.mapper.ClassPathMapperScanner [166] - No MyBatis mapper was found in '[com.github.ontio.dao]' package. Please check your configuration.
[ INFO ] [2018-12-17 13:27:18] org.springframework.data.repository.config.RepositoryConfigurationDelegate [163] - Multiple Spring Data modules found, entering strict repository configuration mode!
[ INFO ] [2018-12-17 13:27:19] org.springframework.context.support.PostProcessorRegistrationDelegate$BeanPostProcessorChecker [328] - Bean 'org.springframework.ws.config.annotation.DelegatingWsConfiguration' of type [org.springframework.ws.config.annotation.DelegatingWsConfiguration$$EnhancerBySpringCGLIB$$bf6eb1b6] is not eligible for getting processed by all BeanPostProcessors (for example: not eligible for auto-proxying)
[ INFO ] [2018-12-17 13:27:19] org.springframework.ws.soap.addressing.server.AnnotationActionEndpointMapping [236] - Supporting [WS-Addressing August 2004, WS-Addressing 1.0]
[ INFO ] [2018-12-17 13:27:19] org.springframework.context.support.PostProcessorRegistrationDelegate$BeanPostProcessorChecker [328] - Bean 'org.springframework.transaction.annotation.ProxyTransactionManagementConfiguration' of type [org.springframework.transaction.annotation.ProxyTransactionManagementConfiguration$$EnhancerBySpringCGLIB$$1ad6ecb7] is not eligible for getting processed by all BeanPostProcessors (for example: not eligible for auto-proxying)
[ INFO ] [2018-12-17 13:27:19] org.springframework.boot.web.embedded.tomcat.TomcatWebServer [91] - Tomcat initialized with port(s): 8585 (http)
[ INFO ] [2018-12-17 13:27:19] org.apache.coyote.http11.Http11NioProtocol [180] - Initializing ProtocolHandler ["http-nio-8585"]
[ INFO ] [2018-12-17 13:27:19] org.apache.catalina.core.StandardService [180] - Starting service [Tomcat]
[ INFO ] [2018-12-17 13:27:19] org.apache.catalina.core.StandardEngine [180] - Starting Servlet Engine: Apache Tomcat/8.5.31
[ INFO ] [2018-12-17 13:27:19] org.apache.catalina.core.AprLifecycleListener [180] - The APR based Apache Tomcat Native library which allows optimal performance in production environments was not found on the java.library.path: [/Users/sss/Library/Java/Extensions:/Library/Java/Extensions:/Network/Library/Java/Extensions:/System/Library/Java/Extensions:/usr/lib/java:.]
[ INFO ] [2018-12-17 13:27:19] org.apache.catalina.core.ContainerBase.[Tomcat].[localhost].[/] [180] - Initializing Spring embedded WebApplicationContext
[ INFO ] [2018-12-17 13:27:19] org.springframework.web.context.ContextLoader [285] - Root WebApplicationContext: initialization completed in 2470 ms
[ INFO ] [2018-12-17 13:27:19] org.springframework.boot.web.servlet.ServletRegistrationBean [186] - Servlet dispatcherServlet mapped to [/]
[ INFO ] [2018-12-17 13:27:19] org.springframework.boot.web.servlet.ServletRegistrationBean [186] - Servlet messageDispatcherServlet mapped to [/services/*]
[ INFO ] [2018-12-17 13:27:19] org.springframework.boot.web.servlet.FilterRegistrationBean [245] - Mapping filter: 'characterEncodingFilter' to: [/*]
[ INFO ] [2018-12-17 13:27:19] org.springframework.boot.web.servlet.FilterRegistrationBean [245] - Mapping filter: 'hiddenHttpMethodFilter' to: [/*]
[ INFO ] [2018-12-17 13:27:19] org.springframework.boot.web.servlet.FilterRegistrationBean [245] - Mapping filter: 'httpPutFormContentFilter' to: [/*]
[ INFO ] [2018-12-17 13:27:19] org.springframework.boot.web.servlet.FilterRegistrationBean [245] - Mapping filter: 'requestContextFilter' to: [/*]
[ INFO ] [2018-12-17 13:27:19] org.springframework.boot.web.servlet.FilterRegistrationBean [245] - Mapping filter: 'simpleCORSFilter' to: [/*]
[ INFO ] [2018-12-17 13:27:20] org.springframework.web.servlet.handler.SimpleUrlHandlerMapping [373] - Mapped URL path [/**/favicon.ico] onto handler of type [class org.springframework.web.servlet.resource.ResourceHttpRequestHandler]
[ INFO ] [2018-12-17 13:27:20] org.springframework.web.servlet.mvc.method.annotation.RequestMappingHandlerAdapter [574] - Looking for @ControllerAdvice: org.springframework.boot.web.servlet.context.AnnotationConfigServletWebServerApplicationContext@6379eb: startup date [Mon Dec 17 13:27:17 CST 2018]; root of context hierarchy
[ INFO ] [2018-12-17 13:27:20] org.springframework.web.servlet.mvc.method.annotation.RequestMappingHandlerMapping [547] - Mapped "{[/api/v1/banker/getbankerinvestbypage/{banker}/{pagesize}/{pagenumber}],methods=[GET]}" onto public com.github.ontio.paramBean.Result com.github.ontio.controller.BankerController.getBankerInvestByPage(java.lang.String,java.lang.Integer,java.lang.Integer)
[ INFO ] [2018-12-17 13:27:20] org.springframework.web.servlet.mvc.method.annotation.RequestMappingHandlerMapping [547] - Mapped "{[/api/v1/banker/getbankerwithdrawbypage/{banker}/{pagesize}/{pagenumber}],methods=[GET]}" onto public com.github.ontio.paramBean.Result com.github.ontio.controller.BankerController.getBankerWithdrawByPage(java.lang.String,java.lang.Integer,java.lang.Integer)
[ INFO ] [2018-12-17 13:27:20] org.springframework.web.servlet.mvc.method.annotation.RequestMappingHandlerMapping [547] - Mapped "{[/api/v1/banker/savebankerinvest],methods=[POST]}" onto public com.github.ontio.paramBean.Result com.github.ontio.controller.BankerController.saveBankerInvest(java.lang.String)
[ INFO ] [2018-12-17 13:27:20] org.springframework.web.servlet.mvc.method.annotation.RequestMappingHandlerMapping [547] - Mapped "{[/api/v1/banker/savebankerwithdraw],methods=[POST]}" onto public com.github.ontio.paramBean.Result com.github.ontio.controller.BankerController.saveBankerWithdraw(java.lang.String)
[ INFO ] [2018-12-17 13:27:20] org.springframework.web.servlet.mvc.method.annotation.RequestMappingHandlerMapping [547] - Mapped "{[/api/v1/bets/getbetsbypage/{pagesize}/{pagenumber}],methods=[GET]}" onto public com.github.ontio.paramBean.Result com.github.ontio.controller.BetsController.getBetsByPage(java.lang.Integer,java.lang.Integer)
[ INFO ] [2018-12-17 13:27:20] org.springframework.web.servlet.mvc.method.annotation.RequestMappingHandlerMapping [547] - Mapped "{[/api/v1/bets/getmybetsbybettor/{bettor}],methods=[GET]}" onto public com.github.ontio.paramBean.Result com.github.ontio.controller.BetsController.getMyBets(java.lang.String)
[ INFO ] [2018-12-17 13:27:20] org.springframework.web.servlet.mvc.method.annotation.RequestMappingHandlerMapping [547] - Mapped "{[/api/v1/bets/getmybetsbypage/{bettor}/{pageSize}/{pageNumber}],methods=[GET]}" onto public com.github.ontio.paramBean.Result com.github.ontio.controller.BetsController.getMyBetsByPage(java.lang.String,int,int)
[ INFO ] [2018-12-17 13:27:20] org.springframework.web.servlet.mvc.method.annotation.RequestMappingHandlerMapping [547] - Mapped "{[/api/v1/bets/savebetinfo],methods=[POST]}" onto public com.github.ontio.paramBean.Result com.github.ontio.controller.BetsController.saveBetInfo(java.lang.String)
[ INFO ] [2018-12-17 13:27:20] org.springframework.web.servlet.mvc.method.annotation.RequestMappingHandlerMapping [547] - Mapped "{[/api/v1/bets/gethugewinstopbynum/{num}],methods=[GET]}" onto public com.github.ontio.paramBean.Result com.github.ontio.controller.BetsController.getHugeWins(java.lang.Integer)
[ INFO ] [2018-12-17 13:27:20] org.springframework.web.servlet.mvc.method.annotation.RequestMappingHandlerMapping [547] - Mapped "{[/api/v1/bets/savehugewin],methods=[POST]}" onto public com.github.ontio.paramBean.Result com.github.ontio.controller.BetsController.saveHugeWin(java.lang.String)
[ INFO ] [2018-12-17 13:27:20] org.springframework.web.servlet.mvc.method.annotation.RequestMappingHandlerMapping [547] - Mapped "{[/error]}" onto public org.springframework.http.ResponseEntity<java.util.Map<java.lang.String, java.lang.Object>> org.springframework.boot.autoconfigure.web.servlet.error.BasicErrorController.error(javax.servlet.http.HttpServletRequest)
[ INFO ] [2018-12-17 13:27:20] org.springframework.web.servlet.mvc.method.annotation.RequestMappingHandlerMapping [547] - Mapped "{[/error],produces=[text/html]}" onto public org.springframework.web.servlet.ModelAndView org.springframework.boot.autoconfigure.web.servlet.error.BasicErrorController.errorHtml(javax.servlet.http.HttpServletRequest,javax.servlet.http.HttpServletResponse)
[ INFO ] [2018-12-17 13:27:20] org.springframework.web.servlet.handler.SimpleUrlHandlerMapping [373] - Mapped URL path [/webjars/**] onto handler of type [class org.springframework.web.servlet.resource.ResourceHttpRequestHandler]
[ INFO ] [2018-12-17 13:27:20] org.springframework.web.servlet.handler.SimpleUrlHandlerMapping [373] - Mapped URL path [/**] onto handler of type [class org.springframework.web.servlet.resource.ResourceHttpRequestHandler]
[ INFO ] [2018-12-17 13:27:21] org.springframework.jmx.export.annotation.AnnotationMBeanExporter [433] - Registering beans for JMX exposure on startup
[ INFO ] [2018-12-17 13:27:21] org.springframework.jmx.export.annotation.AnnotationMBeanExporter [895] - Bean with name 'dataSource' has been autodetected for JMX exposure
[ INFO ] [2018-12-17 13:27:21] org.springframework.jmx.export.annotation.AnnotationMBeanExporter [668] - Located MBean 'dataSource': registering with JMX server as MBean [com.zaxxer.hikari:name=dataSource,type=HikariDataSource]
[ INFO ] [2018-12-17 13:27:21] org.apache.coyote.http11.Http11NioProtocol [180] - Starting ProtocolHandler ["http-nio-8585"]
[ INFO ] [2018-12-17 13:27:21] org.apache.tomcat.util.net.NioSelectorPool [180] - Using a shared selector for servlet write/read
[ INFO ] [2018-12-17 13:27:21] org.springframework.boot.web.embedded.tomcat.TomcatWebServer [206] - Tomcat started on port(s): 8585 (http) with context path ''
[ INFO ] [2018-12-17 13:27:21] com.github.ontio.ExplorerApplication [59] - Started ExplorerApplication in 4.616 seconds (JVM running for 5.119)
[ INFO ] [2018-12-17 13:27:51] org.apache.catalina.core.ContainerBase.[Tomcat].[localhost].[/] [180] - Initializing Spring FrameworkServlet 'dispatcherServlet'
[ INFO ] [2018-12-17 13:27:51] org.springframework.web.servlet.DispatcherServlet [494] - FrameworkServlet 'dispatcherServlet': initialization started
[ INFO ] [2018-12-17 13:27:51] org.springframework.web.servlet.DispatcherServlet [509] - FrameworkServlet 'dispatcherServlet': initialization completed in 18 ms
[ INFO ] [2018-12-17 13:27:51] com.github.ontio.controller.BetsController [39] - ########BankerController.getBankerInvestByPage begin...
[ INFO ] [2018-12-17 13:27:51] com.zaxxer.hikari.HikariDataSource [110] - HikariPool-1 - Starting...
[ INFO ] [2018-12-17 13:27:51] com.zaxxer.hikari.HikariDataSource [123] - HikariPool-1 - Start completed.
[ DEBUG] [2018-12-17 13:27:51] dao.com.github.ontio.dao.BankerInfoMapper.selectBankerInvestByPage [159] - ==>  Preparing: select blocktime,txhash, banker, ongAmount from tbl_banker_invest where banker = ? order by id DESC limit ?, ? 
[ DEBUG] [2018-12-17 13:27:51] dao.com.github.ontio.dao.BankerInfoMapper.selectBankerInvestByPage [159] - ==> Parameters: ARiYs54Kq9T5h3QY1xTyXGb9gsJ1TUbMB7(String), 0(Integer), 3(Integer)
[ DEBUG] [2018-12-17 13:27:51] dao.com.github.ontio.dao.BankerInfoMapper.selectBankerInvestByPage [159] - <==      Total: 3
[ INFO ] [2018-12-17 13:28:33] org.springframework.boot.web.servlet.context.AnnotationConfigServletWebServerApplicationContext [993] - Closing org.springframework.boot.web.servlet.context.AnnotationConfigServletWebServerApplicationContext@6379eb: startup date [Mon Dec 17 13:27:17 CST 2018]; root of context hierarchy
[ INFO ] [2018-12-17 13:28:33] org.springframework.jmx.export.annotation.AnnotationMBeanExporter [451] - Unregistering JMX-exposed beans on shutdown
[ INFO ] [2018-12-17 13:28:33] org.springframework.jmx.export.annotation.AnnotationMBeanExporter [183] - Unregistering JMX-exposed beans
[ INFO ] [2018-12-17 13:28:33] com.zaxxer.hikari.HikariDataSource [381] - HikariPool-1 - Shutdown initiated...
[ INFO ] [2018-12-17 13:28:33] com.zaxxer.hikari.HikariDataSource [383] - HikariPool-1 - Shutdown completed.
[ INFO ] [2018-12-17 16:08:34] com.github.ontio.ExplorerApplication [50] - Starting ExplorerApplication on sss with PID 5410 (/Users/sss/dev/localgit/javaProject/wontologyserver/target/classes started by sss in /Users/sss/dev/localgit/javaProject/wontologyserver)
[ DEBUG] [2018-12-17 16:08:34] com.github.ontio.ExplorerApplication [53] - Running with Spring Boot v2.0.3.RELEASE, Spring v5.0.7.RELEASE
[ INFO ] [2018-12-17 16:08:34] com.github.ontio.ExplorerApplication [663] - The following profiles are active: uat
[ INFO ] [2018-12-17 16:08:34] org.springframework.boot.web.servlet.context.AnnotationConfigServletWebServerApplicationContext [590] - Refreshing org.springframework.boot.web.servlet.context.AnnotationConfigServletWebServerApplicationContext@4cc451f2: startup date [Mon Dec 17 16:08:34 CST 2018]; root of context hierarchy
[ WARN ] [2018-12-17 16:08:35] org.mybatis.spring.mapper.ClassPathMapperScanner [239] - Skipping MapperFactoryBean with name 'BankerInfoMapper' and 'com.github.ontio.dao.BankerInfoMapper' mapperInterface. Bean already defined with the same name!
[ WARN ] [2018-12-17 16:08:35] org.mybatis.spring.mapper.ClassPathMapperScanner [239] - Skipping MapperFactoryBean with name 'BetsInfoMapper' and 'com.github.ontio.dao.BuyRecordInfoMapper' mapperInterface. Bean already defined with the same name!
[ WARN ] [2018-12-17 16:08:35] org.mybatis.spring.mapper.ClassPathMapperScanner [239] - Skipping MapperFactoryBean with name 'BlkHeightMainMapper' and 'com.github.ontio.dao.BlkHeightMainMapper' mapperInterface. Bean already defined with the same name!
[ WARN ] [2018-12-17 16:08:35] org.mybatis.spring.mapper.ClassPathMapperScanner [166] - No MyBatis mapper was found in '[com.github.ontio.dao]' package. Please check your configuration.
[ INFO ] [2018-12-17 16:08:35] org.springframework.data.repository.config.RepositoryConfigurationDelegate [163] - Multiple Spring Data modules found, entering strict repository configuration mode!
[ INFO ] [2018-12-17 16:08:36] org.springframework.context.support.PostProcessorRegistrationDelegate$BeanPostProcessorChecker [328] - Bean 'org.springframework.ws.config.annotation.DelegatingWsConfiguration' of type [org.springframework.ws.config.annotation.DelegatingWsConfiguration$$EnhancerBySpringCGLIB$$7e37bb69] is not eligible for getting processed by all BeanPostProcessors (for example: not eligible for auto-proxying)
[ INFO ] [2018-12-17 16:08:36] org.springframework.ws.soap.addressing.server.AnnotationActionEndpointMapping [236] - Supporting [WS-Addressing August 2004, WS-Addressing 1.0]
[ INFO ] [2018-12-17 16:08:36] org.springframework.context.support.PostProcessorRegistrationDelegate$BeanPostProcessorChecker [328] - Bean 'org.springframework.transaction.annotation.ProxyTransactionManagementConfiguration' of type [org.springframework.transaction.annotation.ProxyTransactionManagementConfiguration$$EnhancerBySpringCGLIB$$d99ff66a] is not eligible for getting processed by all BeanPostProcessors (for example: not eligible for auto-proxying)
[ INFO ] [2018-12-17 16:08:36] org.springframework.boot.web.embedded.tomcat.TomcatWebServer [91] - Tomcat initialized with port(s): 8585 (http)
[ INFO ] [2018-12-17 16:08:36] org.apache.coyote.http11.Http11NioProtocol [180] - Initializing ProtocolHandler ["http-nio-8585"]
[ INFO ] [2018-12-17 16:08:36] org.apache.catalina.core.StandardService [180] - Starting service [Tomcat]
[ INFO ] [2018-12-17 16:08:36] org.apache.catalina.core.StandardEngine [180] - Starting Servlet Engine: Apache Tomcat/8.5.31
[ INFO ] [2018-12-17 16:08:36] org.apache.catalina.core.AprLifecycleListener [180] - The APR based Apache Tomcat Native library which allows optimal performance in production environments was not found on the java.library.path: [/Users/sss/Library/Java/Extensions:/Library/Java/Extensions:/Network/Library/Java/Extensions:/System/Library/Java/Extensions:/usr/lib/java:.]
[ INFO ] [2018-12-17 16:08:36] org.apache.catalina.core.ContainerBase.[Tomcat].[localhost].[/] [180] - Initializing Spring embedded WebApplicationContext
[ INFO ] [2018-12-17 16:08:36] org.springframework.web.context.ContextLoader [285] - Root WebApplicationContext: initialization completed in 1791 ms
[ INFO ] [2018-12-17 16:08:36] org.springframework.boot.web.servlet.ServletRegistrationBean [186] - Servlet dispatcherServlet mapped to [/]
[ INFO ] [2018-12-17 16:08:36] org.springframework.boot.web.servlet.ServletRegistrationBean [186] - Servlet messageDispatcherServlet mapped to [/services/*]
[ INFO ] [2018-12-17 16:08:36] org.springframework.boot.web.servlet.FilterRegistrationBean [245] - Mapping filter: 'characterEncodingFilter' to: [/*]
[ INFO ] [2018-12-17 16:08:36] org.springframework.boot.web.servlet.FilterRegistrationBean [245] - Mapping filter: 'hiddenHttpMethodFilter' to: [/*]
[ INFO ] [2018-12-17 16:08:36] org.springframework.boot.web.servlet.FilterRegistrationBean [245] - Mapping filter: 'httpPutFormContentFilter' to: [/*]
[ INFO ] [2018-12-17 16:08:36] org.springframework.boot.web.servlet.FilterRegistrationBean [245] - Mapping filter: 'requestContextFilter' to: [/*]
[ INFO ] [2018-12-17 16:08:36] org.springframework.boot.web.servlet.FilterRegistrationBean [245] - Mapping filter: 'simpleCORSFilter' to: [/*]
[ INFO ] [2018-12-17 16:08:37] org.springframework.web.servlet.handler.SimpleUrlHandlerMapping [373] - Mapped URL path [/**/favicon.ico] onto handler of type [class org.springframework.web.servlet.resource.ResourceHttpRequestHandler]
[ INFO ] [2018-12-17 16:08:37] org.springframework.web.servlet.mvc.method.annotation.RequestMappingHandlerAdapter [574] - Looking for @ControllerAdvice: org.springframework.boot.web.servlet.context.AnnotationConfigServletWebServerApplicationContext@4cc451f2: startup date [Mon Dec 17 16:08:34 CST 2018]; root of context hierarchy
[ INFO ] [2018-12-17 16:08:37] org.springframework.web.servlet.mvc.method.annotation.RequestMappingHandlerMapping [547] - Mapped "{[/api/v1/banker/getbankerinvestbypage/{banker}/{pagesize}/{pagenumber}],methods=[GET]}" onto public com.github.ontio.paramBean.Result com.github.ontio.controller.BankerController.getBankerInvestByPage(java.lang.String,java.lang.Integer,java.lang.Integer)
[ INFO ] [2018-12-17 16:08:37] org.springframework.web.servlet.mvc.method.annotation.RequestMappingHandlerMapping [547] - Mapped "{[/api/v1/banker/getbankerwithdrawbypage/{banker}/{pagesize}/{pagenumber}],methods=[GET]}" onto public com.github.ontio.paramBean.Result com.github.ontio.controller.BankerController.getBankerWithdrawByPage(java.lang.String,java.lang.Integer,java.lang.Integer)
[ INFO ] [2018-12-17 16:08:37] org.springframework.web.servlet.mvc.method.annotation.RequestMappingHandlerMapping [547] - Mapped "{[/api/v1/banker/savebankerinvest],methods=[POST]}" onto public com.github.ontio.paramBean.Result com.github.ontio.controller.BankerController.saveBankerInvest(java.lang.String)
[ INFO ] [2018-12-17 16:08:37] org.springframework.web.servlet.mvc.method.annotation.RequestMappingHandlerMapping [547] - Mapped "{[/api/v1/banker/savebankerwithdraw],methods=[POST]}" onto public com.github.ontio.paramBean.Result com.github.ontio.controller.BankerController.saveBankerWithdraw(java.lang.String)
[ INFO ] [2018-12-17 16:08:37] org.springframework.web.servlet.mvc.method.annotation.RequestMappingHandlerMapping [547] - Mapped "{[/api/v1/bets/getbetsbypage/{pagesize}/{pagenumber}],methods=[GET]}" onto public com.github.ontio.paramBean.Result com.github.ontio.controller.BetsController.getBetsByPage(java.lang.Integer,java.lang.Integer)
[ INFO ] [2018-12-17 16:08:37] org.springframework.web.servlet.mvc.method.annotation.RequestMappingHandlerMapping [547] - Mapped "{[/api/v1/bets/getmybetsbybettor/{bettor}],methods=[GET]}" onto public com.github.ontio.paramBean.Result com.github.ontio.controller.BetsController.getMyBets(java.lang.String)
[ INFO ] [2018-12-17 16:08:37] org.springframework.web.servlet.mvc.method.annotation.RequestMappingHandlerMapping [547] - Mapped "{[/api/v1/bets/getmybetsbypage/{bettor}/{pageSize}/{pageNumber}],methods=[GET]}" onto public com.github.ontio.paramBean.Result com.github.ontio.controller.BetsController.getMyBetsByPage(java.lang.String,int,int)
[ INFO ] [2018-12-17 16:08:37] org.springframework.web.servlet.mvc.method.annotation.RequestMappingHandlerMapping [547] - Mapped "{[/api/v1/bets/savebetinfo],methods=[POST]}" onto public com.github.ontio.paramBean.Result com.github.ontio.controller.BetsController.saveBetInfo(java.lang.String)
[ INFO ] [2018-12-17 16:08:37] org.springframework.web.servlet.mvc.method.annotation.RequestMappingHandlerMapping [547] - Mapped "{[/api/v1/bets/gethugewinstopbynum/{num}],methods=[GET]}" onto public com.github.ontio.paramBean.Result com.github.ontio.controller.BetsController.getHugeWins(java.lang.Integer)
[ INFO ] [2018-12-17 16:08:37] org.springframework.web.servlet.mvc.method.annotation.RequestMappingHandlerMapping [547] - Mapped "{[/api/v1/bets/savehugewin],methods=[POST]}" onto public com.github.ontio.paramBean.Result com.github.ontio.controller.BetsController.saveHugeWin(java.lang.String)
[ INFO ] [2018-12-17 16:08:37] org.springframework.web.servlet.mvc.method.annotation.RequestMappingHandlerMapping [547] - Mapped "{[/error]}" onto public org.springframework.http.ResponseEntity<java.util.Map<java.lang.String, java.lang.Object>> org.springframework.boot.autoconfigure.web.servlet.error.BasicErrorController.error(javax.servlet.http.HttpServletRequest)
[ INFO ] [2018-12-17 16:08:37] org.springframework.web.servlet.mvc.method.annotation.RequestMappingHandlerMapping [547] - Mapped "{[/error],produces=[text/html]}" onto public org.springframework.web.servlet.ModelAndView org.springframework.boot.autoconfigure.web.servlet.error.BasicErrorController.errorHtml(javax.servlet.http.HttpServletRequest,javax.servlet.http.HttpServletResponse)
[ INFO ] [2018-12-17 16:08:37] org.springframework.web.servlet.handler.SimpleUrlHandlerMapping [373] - Mapped URL path [/webjars/**] onto handler of type [class org.springframework.web.servlet.resource.ResourceHttpRequestHandler]
[ INFO ] [2018-12-17 16:08:37] org.springframework.web.servlet.handler.SimpleUrlHandlerMapping [373] - Mapped URL path [/**] onto handler of type [class org.springframework.web.servlet.resource.ResourceHttpRequestHandler]
[ INFO ] [2018-12-17 16:08:38] org.springframework.jmx.export.annotation.AnnotationMBeanExporter [433] - Registering beans for JMX exposure on startup
[ INFO ] [2018-12-17 16:08:38] org.springframework.jmx.export.annotation.AnnotationMBeanExporter [895] - Bean with name 'dataSource' has been autodetected for JMX exposure
[ INFO ] [2018-12-17 16:08:38] org.springframework.jmx.export.annotation.AnnotationMBeanExporter [668] - Located MBean 'dataSource': registering with JMX server as MBean [com.zaxxer.hikari:name=dataSource,type=HikariDataSource]
[ INFO ] [2018-12-17 16:08:38] org.apache.coyote.http11.Http11NioProtocol [180] - Starting ProtocolHandler ["http-nio-8585"]
[ INFO ] [2018-12-17 16:08:38] org.apache.tomcat.util.net.NioSelectorPool [180] - Using a shared selector for servlet write/read
[ INFO ] [2018-12-17 16:08:38] org.springframework.boot.web.embedded.tomcat.TomcatWebServer [206] - Tomcat started on port(s): 8585 (http) with context path ''
[ INFO ] [2018-12-17 16:08:38] com.github.ontio.ExplorerApplication [59] - Started ExplorerApplication in 4.142 seconds (JVM running for 5.006)
[ INFO ] [2018-12-17 16:08:44] org.springframework.boot.web.servlet.context.AnnotationConfigServletWebServerApplicationContext [993] - Closing org.springframework.boot.web.servlet.context.AnnotationConfigServletWebServerApplicationContext@4cc451f2: startup date [Mon Dec 17 16:08:34 CST 2018]; root of context hierarchy
[ INFO ] [2018-12-17 16:08:44] org.springframework.jmx.export.annotation.AnnotationMBeanExporter [451] - Unregistering JMX-exposed beans on shutdown
[ INFO ] [2018-12-17 16:08:44] org.springframework.jmx.export.annotation.AnnotationMBeanExporter [183] - Unregistering JMX-exposed beans
