[ INFO ] [2018-12-05 22:41:50] com.github.ontio.ExplorerApplication [50] - Starting ExplorerApplication on sss.local with PID 1412 (/Users/sss/dev/localgit/javaProject/wontologyserver/target/classes started by sss in /Users/sss/dev/localgit/javaProject/wontologyserver)
[ DEBUG] [2018-12-05 22:41:50] com.github.ontio.ExplorerApplication [53] - Running with Spring Boot v2.0.3.RELEASE, Spring v5.0.7.RELEASE
[ INFO ] [2018-12-05 22:41:50] com.github.ontio.ExplorerApplication [663] - The following profiles are active: uat
[ INFO ] [2018-12-05 22:41:50] org.springframework.boot.web.servlet.context.AnnotationConfigServletWebServerApplicationContext [590] - Refreshing org.springframework.boot.web.servlet.context.AnnotationConfigServletWebServerApplicationContext@37afeb11: startup date [Wed Dec 05 22:41:50 CST 2018]; root of context hierarchy
[ INFO ] [2018-12-05 22:41:51] org.springframework.data.repository.config.RepositoryConfigurationDelegate [163] - Multiple Spring Data modules found, entering strict repository configuration mode!
[ INFO ] [2018-12-05 22:41:51] org.springframework.context.support.PostProcessorRegistrationDelegate$BeanPostProcessorChecker [328] - Bean 'org.springframework.ws.config.annotation.DelegatingWsConfiguration' of type [org.springframework.ws.config.annotation.DelegatingWsConfiguration$$EnhancerBySpringCGLIB$$b1a99ec3] is not eligible for getting processed by all BeanPostProcessors (for example: not eligible for auto-proxying)
[ INFO ] [2018-12-05 22:41:51] org.springframework.ws.soap.addressing.server.AnnotationActionEndpointMapping [236] - Supporting [WS-Addressing August 2004, WS-Addressing 1.0]
[ INFO ] [2018-12-05 22:41:51] org.springframework.context.support.PostProcessorRegistrationDelegate$BeanPostProcessorChecker [328] - Bean 'org.springframework.transaction.annotation.ProxyTransactionManagementConfiguration' of type [org.springframework.transaction.annotation.ProxyTransactionManagementConfiguration$$EnhancerBySpringCGLIB$$d11d9c4] is not eligible for getting processed by all BeanPostProcessors (for example: not eligible for auto-proxying)
[ INFO ] [2018-12-05 22:41:52] org.springframework.boot.web.embedded.tomcat.TomcatWebServer [91] - Tomcat initialized with port(s): 8585 (http)
[ INFO ] [2018-12-05 22:41:52] org.apache.coyote.http11.Http11NioProtocol [180] - Initializing ProtocolHandler ["http-nio-8585"]
[ INFO ] [2018-12-05 22:41:52] org.apache.catalina.core.StandardService [180] - Starting service [Tomcat]
[ INFO ] [2018-12-05 22:41:52] org.apache.catalina.core.StandardEngine [180] - Starting Servlet Engine: Apache Tomcat/8.5.31
[ INFO ] [2018-12-05 22:41:52] org.apache.catalina.core.AprLifecycleListener [180] - The APR based Apache Tomcat Native library which allows optimal performance in production environments was not found on the java.library.path: [/Users/sss/Library/Java/Extensions:/Library/Java/Extensions:/Network/Library/Java/Extensions:/System/Library/Java/Extensions:/usr/lib/java:.]
[ INFO ] [2018-12-05 22:41:52] org.apache.catalina.core.ContainerBase.[Tomcat].[localhost].[/] [180] - Initializing Spring embedded WebApplicationContext
[ INFO ] [2018-12-05 22:41:52] org.springframework.web.context.ContextLoader [285] - Root WebApplicationContext: initialization completed in 2201 ms
[ INFO ] [2018-12-05 22:41:52] org.springframework.boot.web.servlet.ServletRegistrationBean [186] - Servlet dispatcherServlet mapped to [/]
[ INFO ] [2018-12-05 22:41:52] org.springframework.boot.web.servlet.ServletRegistrationBean [186] - Servlet messageDispatcherServlet mapped to [/services/*]
[ INFO ] [2018-12-05 22:41:52] org.springframework.boot.web.servlet.FilterRegistrationBean [245] - Mapping filter: 'characterEncodingFilter' to: [/*]
[ INFO ] [2018-12-05 22:41:52] org.springframework.boot.web.servlet.FilterRegistrationBean [245] - Mapping filter: 'hiddenHttpMethodFilter' to: [/*]
[ INFO ] [2018-12-05 22:41:52] org.springframework.boot.web.servlet.FilterRegistrationBean [245] - Mapping filter: 'httpPutFormContentFilter' to: [/*]
[ INFO ] [2018-12-05 22:41:52] org.springframework.boot.web.servlet.FilterRegistrationBean [245] - Mapping filter: 'requestContextFilter' to: [/*]
[ INFO ] [2018-12-05 22:41:52] org.springframework.boot.web.servlet.FilterRegistrationBean [245] - Mapping filter: 'simpleCORSFilter' to: [/*]
[ INFO ] [2018-12-05 22:41:53] org.springframework.web.servlet.handler.SimpleUrlHandlerMapping [373] - Mapped URL path [/**/favicon.ico] onto handler of type [class org.springframework.web.servlet.resource.ResourceHttpRequestHandler]
[ INFO ] [2018-12-05 22:41:53] org.springframework.web.servlet.mvc.method.annotation.RequestMappingHandlerAdapter [574] - Looking for @ControllerAdvice: org.springframework.boot.web.servlet.context.AnnotationConfigServletWebServerApplicationContext@37afeb11: startup date [Wed Dec 05 22:41:50 CST 2018]; root of context hierarchy
[ INFO ] [2018-12-05 22:41:53] org.springframework.web.servlet.mvc.method.annotation.RequestMappingHandlerMapping [547] - Mapped "{[/api/v1/bets/getbetsbypage/{pagesize}/{pagenumber}],methods=[GET]}" onto public com.github.ontio.paramBean.Result com.github.ontio.controller.BetsController.getBetsByPage(java.lang.Integer,java.lang.Integer)
[ INFO ] [2018-12-05 22:41:53] org.springframework.web.servlet.mvc.method.annotation.RequestMappingHandlerMapping [547] - Mapped "{[/api/v1/bets/getmybetsbybettor/{bettor}],methods=[GET]}" onto public com.github.ontio.paramBean.Result com.github.ontio.controller.BetsController.getMyBets(java.lang.String)
[ INFO ] [2018-12-05 22:41:53] org.springframework.web.servlet.mvc.method.annotation.RequestMappingHandlerMapping [547] - Mapped "{[/api/v1/bets/getmybetsbypage/{bettor}/{pageSize}/{pageNumber}],methods=[GET]}" onto public com.github.ontio.paramBean.Result com.github.ontio.controller.BetsController.getMyBetsByPage(java.lang.String,int,int)
[ INFO ] [2018-12-05 22:41:53] org.springframework.web.servlet.mvc.method.annotation.RequestMappingHandlerMapping [547] - Mapped "{[/api/v1/bets/savebetinfo],methods=[POST]}" onto public com.github.ontio.paramBean.Result com.github.ontio.controller.BetsController.saveBetInfo(java.lang.String)
[ INFO ] [2018-12-05 22:41:53] org.springframework.web.servlet.mvc.method.annotation.RequestMappingHandlerMapping [547] - Mapped "{[/api/v1/bets/gethugewinstopbynum/{num}],methods=[GET]}" onto public com.github.ontio.paramBean.Result com.github.ontio.controller.BetsController.getHugeWins(java.lang.Integer)
[ INFO ] [2018-12-05 22:41:53] org.springframework.web.servlet.mvc.method.annotation.RequestMappingHandlerMapping [547] - Mapped "{[/api/v1/bets/savehugewin],methods=[POST]}" onto public com.github.ontio.paramBean.Result com.github.ontio.controller.BetsController.saveHugeWin(java.lang.String)
[ INFO ] [2018-12-05 22:41:53] org.springframework.web.servlet.mvc.method.annotation.RequestMappingHandlerMapping [547] - Mapped "{[/error]}" onto public org.springframework.http.ResponseEntity<java.util.Map<java.lang.String, java.lang.Object>> org.springframework.boot.autoconfigure.web.servlet.error.BasicErrorController.error(javax.servlet.http.HttpServletRequest)
[ INFO ] [2018-12-05 22:41:53] org.springframework.web.servlet.mvc.method.annotation.RequestMappingHandlerMapping [547] - Mapped "{[/error],produces=[text/html]}" onto public org.springframework.web.servlet.ModelAndView org.springframework.boot.autoconfigure.web.servlet.error.BasicErrorController.errorHtml(javax.servlet.http.HttpServletRequest,javax.servlet.http.HttpServletResponse)
[ INFO ] [2018-12-05 22:41:53] org.springframework.web.servlet.handler.SimpleUrlHandlerMapping [373] - Mapped URL path [/webjars/**] onto handler of type [class org.springframework.web.servlet.resource.ResourceHttpRequestHandler]
[ INFO ] [2018-12-05 22:41:53] org.springframework.web.servlet.handler.SimpleUrlHandlerMapping [373] - Mapped URL path [/**] onto handler of type [class org.springframework.web.servlet.resource.ResourceHttpRequestHandler]
[ INFO ] [2018-12-05 22:41:54] org.springframework.jmx.export.annotation.AnnotationMBeanExporter [433] - Registering beans for JMX exposure on startup
[ INFO ] [2018-12-05 22:41:54] org.springframework.jmx.export.annotation.AnnotationMBeanExporter [895] - Bean with name 'dataSource' has been autodetected for JMX exposure
[ INFO ] [2018-12-05 22:41:54] org.springframework.jmx.export.annotation.AnnotationMBeanExporter [668] - Located MBean 'dataSource': registering with JMX server as MBean [com.zaxxer.hikari:name=dataSource,type=HikariDataSource]
[ INFO ] [2018-12-05 22:41:54] org.apache.coyote.http11.Http11NioProtocol [180] - Starting ProtocolHandler ["http-nio-8585"]
[ INFO ] [2018-12-05 22:41:54] org.apache.tomcat.util.net.NioSelectorPool [180] - Using a shared selector for servlet write/read
[ INFO ] [2018-12-05 22:41:54] org.springframework.boot.web.embedded.tomcat.TomcatWebServer [206] - Tomcat started on port(s): 8585 (http) with context path ''
[ INFO ] [2018-12-05 22:41:54] com.github.ontio.ExplorerApplication [59] - Started ExplorerApplication in 5.348 seconds (JVM running for 6.267)
[ INFO ] [2018-12-05 22:43:56] org.apache.catalina.core.ContainerBase.[Tomcat].[localhost].[/] [180] - Initializing Spring FrameworkServlet 'dispatcherServlet'
[ INFO ] [2018-12-05 22:43:56] org.springframework.web.servlet.DispatcherServlet [494] - FrameworkServlet 'dispatcherServlet': initialization started
[ INFO ] [2018-12-05 22:43:56] org.springframework.web.servlet.DispatcherServlet [509] - FrameworkServlet 'dispatcherServlet': initialization completed in 21 ms
[ INFO ] [2018-12-05 22:43:56] com.github.ontio.controller.BetsController [39] - ########BetsController.getBetsByPage begin...
[ INFO ] [2018-12-05 22:43:56] com.zaxxer.hikari.HikariDataSource [110] - HikariPool-1 - Starting...
[ INFO ] [2018-12-05 22:43:56] com.zaxxer.hikari.HikariDataSource [123] - HikariPool-1 - Start completed.
[ DEBUG] [2018-12-05 22:43:56] dao.com.github.ontio.dao.BuyRecordInfoMapper.selectBetInfoByPage [159] - ==>  Preparing: select time, bettor, rollunder,bet,roll,payout from tbl_all_bets order by id DESC limit ?, ?
[ DEBUG] [2018-12-05 22:43:56] dao.com.github.ontio.dao.BuyRecordInfoMapper.selectBetInfoByPage [159] - ==> Parameters: 0(Integer), 3(Integer)
[ DEBUG] [2018-12-05 22:43:56] dao.com.github.ontio.dao.BuyRecordInfoMapper.selectBetInfoByPage [159] - <==      Total: 1
[ INFO ] [2018-12-05 22:44:46] com.github.ontio.controller.BetsController [102] - ########BetsController.getHugeWins begin...
[ DEBUG] [2018-12-05 22:44:46] dao.com.github.ontio.dao.BuyRecordInfoMapper.selectHugeWinsTopByNum [159] - ==>  Preparing: select * from tbl_huge_wins order by payout DESC limit 0,?
[ DEBUG] [2018-12-05 22:44:46] dao.com.github.ontio.dao.BuyRecordInfoMapper.selectHugeWinsTopByNum [159] - ==> Parameters: 3(Integer)
[ DEBUG] [2018-12-05 22:44:47] dao.com.github.ontio.dao.BuyRecordInfoMapper.selectHugeWinsTopByNum [159] - <==      Total: 1
[ INFO ] [2018-12-05 22:49:34] com.github.ontio.controller.BetsController [102] - ########BetsController.getHugeWins begin...
[ DEBUG] [2018-12-05 22:49:34] dao.com.github.ontio.dao.BuyRecordInfoMapper.selectHugeWinsTopByNum [159] - ==>  Preparing: select * from tbl_huge_wins order by payout DESC limit 0,?
[ DEBUG] [2018-12-05 22:49:34] dao.com.github.ontio.dao.BuyRecordInfoMapper.selectHugeWinsTopByNum [159] - ==> Parameters: 3(Integer)
[ DEBUG] [2018-12-05 22:49:34] dao.com.github.ontio.dao.BuyRecordInfoMapper.selectHugeWinsTopByNum [159] - <==      Total: 2
[ INFO ] [2018-12-05 22:54:09] com.github.ontio.controller.BetsController [102] - ########BetsController.getHugeWins begin...
[ DEBUG] [2018-12-05 22:54:09] dao.com.github.ontio.dao.BuyRecordInfoMapper.selectHugeWinsTopByNum [159] - ==>  Preparing: select * from tbl_huge_wins order by payout DESC limit 0,?
[ DEBUG] [2018-12-05 22:54:09] dao.com.github.ontio.dao.BuyRecordInfoMapper.selectHugeWinsTopByNum [159] - ==> Parameters: 3(Integer)
[ DEBUG] [2018-12-05 22:54:09] dao.com.github.ontio.dao.BuyRecordInfoMapper.selectHugeWinsTopByNum [159] - <==      Total: 3
[ INFO ] [2018-12-05 22:54:15] com.github.ontio.controller.BetsController [102] - ########BetsController.getHugeWins begin...
[ DEBUG] [2018-12-05 22:54:15] dao.com.github.ontio.dao.BuyRecordInfoMapper.selectHugeWinsTopByNum [159] - ==>  Preparing: select * from tbl_huge_wins order by payout DESC limit 0,?
[ DEBUG] [2018-12-05 22:54:15] dao.com.github.ontio.dao.BuyRecordInfoMapper.selectHugeWinsTopByNum [159] - ==> Parameters: 3(Integer)
[ DEBUG] [2018-12-05 22:54:15] dao.com.github.ontio.dao.BuyRecordInfoMapper.selectHugeWinsTopByNum [159] - <==      Total: 3
[ INFO ] [2018-12-05 22:56:51] org.springframework.boot.web.servlet.context.AnnotationConfigServletWebServerApplicationContext [993] - Closing org.springframework.boot.web.servlet.context.AnnotationConfigServletWebServerApplicationContext@37afeb11: startup date [Wed Dec 05 22:41:50 CST 2018]; root of context hierarchy
[ INFO ] [2018-12-05 22:56:51] org.springframework.jmx.export.annotation.AnnotationMBeanExporter [451] - Unregistering JMX-exposed beans on shutdown
[ INFO ] [2018-12-05 22:56:51] org.springframework.jmx.export.annotation.AnnotationMBeanExporter [183] - Unregistering JMX-exposed beans
[ INFO ] [2018-12-05 22:56:51] com.zaxxer.hikari.HikariDataSource [381] - HikariPool-1 - Shutdown initiated...
[ INFO ] [2018-12-05 22:56:51] com.zaxxer.hikari.HikariDataSource [383] - HikariPool-1 - Shutdown completed.
[ INFO ] [2018-12-05 22:57:01] com.github.ontio.ExplorerApplication [50] - Starting ExplorerApplication on sss.local with PID 1552 (/Users/sss/dev/localgit/javaProject/wontologyserver/target/classes started by sss in /Users/sss/dev/localgit/javaProject/wontologyserver)
[ DEBUG] [2018-12-05 22:57:01] com.github.ontio.ExplorerApplication [53] - Running with Spring Boot v2.0.3.RELEASE, Spring v5.0.7.RELEASE
[ INFO ] [2018-12-05 22:57:01] com.github.ontio.ExplorerApplication [663] - The following profiles are active: uat
[ INFO ] [2018-12-05 22:57:01] org.springframework.boot.web.servlet.context.AnnotationConfigServletWebServerApplicationContext [590] - Refreshing org.springframework.boot.web.servlet.context.AnnotationConfigServletWebServerApplicationContext@595b007d: startup date [Wed Dec 05 22:57:01 CST 2018]; root of context hierarchy
[ INFO ] [2018-12-05 22:57:02] org.springframework.data.repository.config.RepositoryConfigurationDelegate [163] - Multiple Spring Data modules found, entering strict repository configuration mode!
[ INFO ] [2018-12-05 22:57:02] org.springframework.context.support.PostProcessorRegistrationDelegate$BeanPostProcessorChecker [328] - Bean 'org.springframework.ws.config.annotation.DelegatingWsConfiguration' of type [org.springframework.ws.config.annotation.DelegatingWsConfiguration$$EnhancerBySpringCGLIB$$23ae28ca] is not eligible for getting processed by all BeanPostProcessors (for example: not eligible for auto-proxying)
[ INFO ] [2018-12-05 22:57:02] org.springframework.ws.soap.addressing.server.AnnotationActionEndpointMapping [236] - Supporting [WS-Addressing August 2004, WS-Addressing 1.0]
[ INFO ] [2018-12-05 22:57:02] org.springframework.context.support.PostProcessorRegistrationDelegate$BeanPostProcessorChecker [328] - Bean 'org.springframework.transaction.annotation.ProxyTransactionManagementConfiguration' of type [org.springframework.transaction.annotation.ProxyTransactionManagementConfiguration$$EnhancerBySpringCGLIB$$7f1663cb] is not eligible for getting processed by all BeanPostProcessors (for example: not eligible for auto-proxying)
[ INFO ] [2018-12-05 22:57:03] org.springframework.boot.web.embedded.tomcat.TomcatWebServer [91] - Tomcat initialized with port(s): 8585 (http)
[ INFO ] [2018-12-05 22:57:03] org.apache.coyote.http11.Http11NioProtocol [180] - Initializing ProtocolHandler ["http-nio-8585"]
[ INFO ] [2018-12-05 22:57:03] org.apache.catalina.core.StandardService [180] - Starting service [Tomcat]
[ INFO ] [2018-12-05 22:57:03] org.apache.catalina.core.StandardEngine [180] - Starting Servlet Engine: Apache Tomcat/8.5.31
[ INFO ] [2018-12-05 22:57:03] org.apache.catalina.core.AprLifecycleListener [180] - The APR based Apache Tomcat Native library which allows optimal performance in production environments was not found on the java.library.path: [/Users/sss/Library/Java/Extensions:/Library/Java/Extensions:/Network/Library/Java/Extensions:/System/Library/Java/Extensions:/usr/lib/java:.]
[ INFO ] [2018-12-05 22:57:03] org.apache.catalina.core.ContainerBase.[Tomcat].[localhost].[/] [180] - Initializing Spring embedded WebApplicationContext
[ INFO ] [2018-12-05 22:57:03] org.springframework.web.context.ContextLoader [285] - Root WebApplicationContext: initialization completed in 2002 ms
[ INFO ] [2018-12-05 22:57:03] org.springframework.boot.web.servlet.ServletRegistrationBean [186] - Servlet dispatcherServlet mapped to [/]
[ INFO ] [2018-12-05 22:57:03] org.springframework.boot.web.servlet.ServletRegistrationBean [186] - Servlet messageDispatcherServlet mapped to [/services/*]
[ INFO ] [2018-12-05 22:57:03] org.springframework.boot.web.servlet.FilterRegistrationBean [245] - Mapping filter: 'characterEncodingFilter' to: [/*]
[ INFO ] [2018-12-05 22:57:03] org.springframework.boot.web.servlet.FilterRegistrationBean [245] - Mapping filter: 'hiddenHttpMethodFilter' to: [/*]
[ INFO ] [2018-12-05 22:57:03] org.springframework.boot.web.servlet.FilterRegistrationBean [245] - Mapping filter: 'httpPutFormContentFilter' to: [/*]
[ INFO ] [2018-12-05 22:57:03] org.springframework.boot.web.servlet.FilterRegistrationBean [245] - Mapping filter: 'requestContextFilter' to: [/*]
[ INFO ] [2018-12-05 22:57:03] org.springframework.boot.web.servlet.FilterRegistrationBean [245] - Mapping filter: 'simpleCORSFilter' to: [/*]
[ INFO ] [2018-12-05 22:57:03] org.springframework.web.servlet.handler.SimpleUrlHandlerMapping [373] - Mapped URL path [/**/favicon.ico] onto handler of type [class org.springframework.web.servlet.resource.ResourceHttpRequestHandler]
[ INFO ] [2018-12-05 22:57:04] org.springframework.web.servlet.mvc.method.annotation.RequestMappingHandlerAdapter [574] - Looking for @ControllerAdvice: org.springframework.boot.web.servlet.context.AnnotationConfigServletWebServerApplicationContext@595b007d: startup date [Wed Dec 05 22:57:01 CST 2018]; root of context hierarchy
[ INFO ] [2018-12-05 22:57:04] org.springframework.web.servlet.mvc.method.annotation.RequestMappingHandlerMapping [547] - Mapped "{[/api/v1/bets/getbetsbypage/{pagesize}/{pagenumber}],methods=[GET]}" onto public com.github.ontio.paramBean.Result com.github.ontio.controller.BetsController.getBetsByPage(java.lang.Integer,java.lang.Integer)
[ INFO ] [2018-12-05 22:57:04] org.springframework.web.servlet.mvc.method.annotation.RequestMappingHandlerMapping [547] - Mapped "{[/api/v1/bets/getmybetsbybettor/{bettor}],methods=[GET]}" onto public com.github.ontio.paramBean.Result com.github.ontio.controller.BetsController.getMyBets(java.lang.String)
[ INFO ] [2018-12-05 22:57:04] org.springframework.web.servlet.mvc.method.annotation.RequestMappingHandlerMapping [547] - Mapped "{[/api/v1/bets/getmybetsbypage/{bettor}/{pageSize}/{pageNumber}],methods=[GET]}" onto public com.github.ontio.paramBean.Result com.github.ontio.controller.BetsController.getMyBetsByPage(java.lang.String,int,int)
[ INFO ] [2018-12-05 22:57:04] org.springframework.web.servlet.mvc.method.annotation.RequestMappingHandlerMapping [547] - Mapped "{[/api/v1/bets/savebetinfo],methods=[POST]}" onto public com.github.ontio.paramBean.Result com.github.ontio.controller.BetsController.saveBetInfo(java.lang.String)
[ INFO ] [2018-12-05 22:57:04] org.springframework.web.servlet.mvc.method.annotation.RequestMappingHandlerMapping [547] - Mapped "{[/api/v1/bets/gethugewinstopbynum/{num}],methods=[GET]}" onto public com.github.ontio.paramBean.Result com.github.ontio.controller.BetsController.getHugeWins(java.lang.Integer)
[ INFO ] [2018-12-05 22:57:04] org.springframework.web.servlet.mvc.method.annotation.RequestMappingHandlerMapping [547] - Mapped "{[/api/v1/bets/savehugewin],methods=[POST]}" onto public com.github.ontio.paramBean.Result com.github.ontio.controller.BetsController.saveHugeWin(java.lang.String)
[ INFO ] [2018-12-05 22:57:04] org.springframework.web.servlet.mvc.method.annotation.RequestMappingHandlerMapping [547] - Mapped "{[/error]}" onto public org.springframework.http.ResponseEntity<java.util.Map<java.lang.String, java.lang.Object>> org.springframework.boot.autoconfigure.web.servlet.error.BasicErrorController.error(javax.servlet.http.HttpServletRequest)
[ INFO ] [2018-12-05 22:57:04] org.springframework.web.servlet.mvc.method.annotation.RequestMappingHandlerMapping [547] - Mapped "{[/error],produces=[text/html]}" onto public org.springframework.web.servlet.ModelAndView org.springframework.boot.autoconfigure.web.servlet.error.BasicErrorController.errorHtml(javax.servlet.http.HttpServletRequest,javax.servlet.http.HttpServletResponse)
[ INFO ] [2018-12-05 22:57:04] org.springframework.web.servlet.handler.SimpleUrlHandlerMapping [373] - Mapped URL path [/webjars/**] onto handler of type [class org.springframework.web.servlet.resource.ResourceHttpRequestHandler]
[ INFO ] [2018-12-05 22:57:04] org.springframework.web.servlet.handler.SimpleUrlHandlerMapping [373] - Mapped URL path [/**] onto handler of type [class org.springframework.web.servlet.resource.ResourceHttpRequestHandler]
[ INFO ] [2018-12-05 22:57:05] org.springframework.jmx.export.annotation.AnnotationMBeanExporter [433] - Registering beans for JMX exposure on startup
[ INFO ] [2018-12-05 22:57:05] org.springframework.jmx.export.annotation.AnnotationMBeanExporter [895] - Bean with name 'dataSource' has been autodetected for JMX exposure
[ INFO ] [2018-12-05 22:57:05] org.springframework.jmx.export.annotation.AnnotationMBeanExporter [668] - Located MBean 'dataSource': registering with JMX server as MBean [com.zaxxer.hikari:name=dataSource,type=HikariDataSource]
[ INFO ] [2018-12-05 22:57:05] org.apache.coyote.http11.Http11NioProtocol [180] - Starting ProtocolHandler ["http-nio-8585"]
[ INFO ] [2018-12-05 22:57:05] org.apache.tomcat.util.net.NioSelectorPool [180] - Using a shared selector for servlet write/read
[ INFO ] [2018-12-05 22:57:05] org.springframework.boot.web.embedded.tomcat.TomcatWebServer [206] - Tomcat started on port(s): 8585 (http) with context path ''
[ INFO ] [2018-12-05 22:57:05] com.github.ontio.ExplorerApplication [59] - Started ExplorerApplication in 4.545 seconds (JVM running for 5.059)
[ INFO ] [2018-12-05 22:57:11] org.apache.catalina.core.ContainerBase.[Tomcat].[localhost].[/] [180] - Initializing Spring FrameworkServlet 'dispatcherServlet'
[ INFO ] [2018-12-05 22:57:11] org.springframework.web.servlet.DispatcherServlet [494] - FrameworkServlet 'dispatcherServlet': initialization started
[ INFO ] [2018-12-05 22:57:11] org.springframework.web.servlet.DispatcherServlet [509] - FrameworkServlet 'dispatcherServlet': initialization completed in 17 ms
[ INFO ] [2018-12-05 22:57:11] com.github.ontio.controller.BetsController [102] - ########BetsController.getHugeWins begin...
[ INFO ] [2018-12-05 22:57:11] com.zaxxer.hikari.HikariDataSource [110] - HikariPool-1 - Starting...
[ INFO ] [2018-12-05 22:57:12] com.zaxxer.hikari.HikariDataSource [123] - HikariPool-1 - Start completed.
[ DEBUG] [2018-12-05 22:57:12] dao.com.github.ontio.dao.BuyRecordInfoMapper.selectHugeWinsTopByNum [159] - ==>  Preparing: select * from tbl_huge_wins order by payout DESC limit 0,?
[ DEBUG] [2018-12-05 22:57:12] dao.com.github.ontio.dao.BuyRecordInfoMapper.selectHugeWinsTopByNum [159] - ==> Parameters: 3(Integer)
[ DEBUG] [2018-12-05 22:57:12] dao.com.github.ontio.dao.BuyRecordInfoMapper.selectHugeWinsTopByNum [159] - <==      Total: 3
[ INFO ] [2018-12-05 22:57:17] com.github.ontio.controller.BetsController [102] - ########BetsController.getHugeWins begin...
[ DEBUG] [2018-12-05 22:57:17] dao.com.github.ontio.dao.BuyRecordInfoMapper.selectHugeWinsTopByNum [159] - ==>  Preparing: select * from tbl_huge_wins order by payout DESC limit 0,?
[ DEBUG] [2018-12-05 22:57:17] dao.com.github.ontio.dao.BuyRecordInfoMapper.selectHugeWinsTopByNum [159] - ==> Parameters: 3(Integer)
[ DEBUG] [2018-12-05 22:57:17] dao.com.github.ontio.dao.BuyRecordInfoMapper.selectHugeWinsTopByNum [159] - <==      Total: 3
[ INFO ] [2018-12-05 23:00:26] org.springframework.boot.web.servlet.context.AnnotationConfigServletWebServerApplicationContext [993] - Closing org.springframework.boot.web.servlet.context.AnnotationConfigServletWebServerApplicationContext@595b007d: startup date [Wed Dec 05 22:57:01 CST 2018]; root of context hierarchy
[ INFO ] [2018-12-05 23:00:26] org.springframework.jmx.export.annotation.AnnotationMBeanExporter [451] - Unregistering JMX-exposed beans on shutdown
[ INFO ] [2018-12-05 23:00:26] org.springframework.jmx.export.annotation.AnnotationMBeanExporter [183] - Unregistering JMX-exposed beans
[ INFO ] [2018-12-05 23:00:26] com.zaxxer.hikari.HikariDataSource [381] - HikariPool-1 - Shutdown initiated...
[ INFO ] [2018-12-05 23:00:26] com.zaxxer.hikari.HikariDataSource [383] - HikariPool-1 - Shutdown completed.
[ INFO ] [2018-12-05 23:00:46] com.github.ontio.DemoApplicationTests [50] - Starting DemoApplicationTests on sss.local with PID 1607 (started by sss in /Users/sss/dev/localgit/javaProject/wontologyserver)
[ DEBUG] [2018-12-05 23:00:46] com.github.ontio.DemoApplicationTests [53] - Running with Spring Boot v2.0.3.RELEASE, Spring v5.0.7.RELEASE
[ INFO ] [2018-12-05 23:00:46] com.github.ontio.DemoApplicationTests [663] - The following profiles are active: uat
[ INFO ] [2018-12-05 23:00:46] org.springframework.web.context.support.GenericWebApplicationContext [590] - Refreshing org.springframework.web.context.support.GenericWebApplicationContext@f99f5e0: startup date [Wed Dec 05 23:00:46 CST 2018]; root of context hierarchy
[ INFO ] [2018-12-05 23:00:46] org.springframework.data.repository.config.RepositoryConfigurationDelegate [163] - Multiple Spring Data modules found, entering strict repository configuration mode!
[ INFO ] [2018-12-05 23:00:47] org.springframework.context.support.PostProcessorRegistrationDelegate$BeanPostProcessorChecker [328] - Bean 'org.springframework.ws.config.annotation.DelegatingWsConfiguration' of type [org.springframework.ws.config.annotation.DelegatingWsConfiguration$$EnhancerBySpringCGLIB$$e36fc126] is not eligible for getting processed by all BeanPostProcessors (for example: not eligible for auto-proxying)
[ INFO ] [2018-12-05 23:00:47] org.springframework.ws.soap.addressing.server.AnnotationActionEndpointMapping [236] - Supporting [WS-Addressing August 2004, WS-Addressing 1.0]
[ INFO ] [2018-12-05 23:00:47] org.springframework.context.support.PostProcessorRegistrationDelegate$BeanPostProcessorChecker [328] - Bean 'org.springframework.transaction.annotation.ProxyTransactionManagementConfiguration' of type [org.springframework.transaction.annotation.ProxyTransactionManagementConfiguration$$EnhancerBySpringCGLIB$$3ed7fc27] is not eligible for getting processed by all BeanPostProcessors (for example: not eligible for auto-proxying)
[ INFO ] [2018-12-05 23:00:48] org.springframework.web.servlet.handler.SimpleUrlHandlerMapping [373] - Mapped URL path [/**/favicon.ico] onto handler of type [class org.springframework.web.servlet.resource.ResourceHttpRequestHandler]
[ INFO ] [2018-12-05 23:00:48] org.springframework.web.servlet.mvc.method.annotation.RequestMappingHandlerAdapter [574] - Looking for @ControllerAdvice: org.springframework.web.context.support.GenericWebApplicationContext@f99f5e0: startup date [Wed Dec 05 23:00:46 CST 2018]; root of context hierarchy
[ INFO ] [2018-12-05 23:00:48] org.springframework.web.servlet.mvc.method.annotation.RequestMappingHandlerMapping [547] - Mapped "{[/api/v1/bets/getbetsbypage/{pagesize}/{pagenumber}],methods=[GET]}" onto public com.github.ontio.paramBean.Result com.github.ontio.controller.BetsController.getBetsByPage(java.lang.Integer,java.lang.Integer)
[ INFO ] [2018-12-05 23:00:48] org.springframework.web.servlet.mvc.method.annotation.RequestMappingHandlerMapping [547] - Mapped "{[/api/v1/bets/getmybetsbybettor/{bettor}],methods=[GET]}" onto public com.github.ontio.paramBean.Result com.github.ontio.controller.BetsController.getMyBets(java.lang.String)
[ INFO ] [2018-12-05 23:00:48] org.springframework.web.servlet.mvc.method.annotation.RequestMappingHandlerMapping [547] - Mapped "{[/api/v1/bets/getmybetsbypage/{bettor}/{pageSize}/{pageNumber}],methods=[GET]}" onto public com.github.ontio.paramBean.Result com.github.ontio.controller.BetsController.getMyBetsByPage(java.lang.String,int,int)
[ INFO ] [2018-12-05 23:00:48] org.springframework.web.servlet.mvc.method.annotation.RequestMappingHandlerMapping [547] - Mapped "{[/api/v1/bets/savebetinfo],methods=[POST]}" onto public com.github.ontio.paramBean.Result com.github.ontio.controller.BetsController.saveBetInfo(java.lang.String)
[ INFO ] [2018-12-05 23:00:48] org.springframework.web.servlet.mvc.method.annotation.RequestMappingHandlerMapping [547] - Mapped "{[/api/v1/bets/gethugewinstopbynum/{num}],methods=[GET]}" onto public com.github.ontio.paramBean.Result com.github.ontio.controller.BetsController.getHugeWins(java.lang.Integer)
[ INFO ] [2018-12-05 23:00:48] org.springframework.web.servlet.mvc.method.annotation.RequestMappingHandlerMapping [547] - Mapped "{[/api/v1/bets/savehugewin],methods=[POST]}" onto public com.github.ontio.paramBean.Result com.github.ontio.controller.BetsController.saveHugeWin(java.lang.String)
[ INFO ] [2018-12-05 23:00:48] org.springframework.web.servlet.mvc.method.annotation.RequestMappingHandlerMapping [547] - Mapped "{[/error]}" onto public org.springframework.http.ResponseEntity<java.util.Map<java.lang.String, java.lang.Object>> org.springframework.boot.autoconfigure.web.servlet.error.BasicErrorController.error(javax.servlet.http.HttpServletRequest)
[ INFO ] [2018-12-05 23:00:48] org.springframework.web.servlet.mvc.method.annotation.RequestMappingHandlerMapping [547] - Mapped "{[/error],produces=[text/html]}" onto public org.springframework.web.servlet.ModelAndView org.springframework.boot.autoconfigure.web.servlet.error.BasicErrorController.errorHtml(javax.servlet.http.HttpServletRequest,javax.servlet.http.HttpServletResponse)
[ INFO ] [2018-12-05 23:00:48] org.springframework.web.servlet.handler.SimpleUrlHandlerMapping [373] - Mapped URL path [/webjars/**] onto handler of type [class org.springframework.web.servlet.resource.ResourceHttpRequestHandler]
[ INFO ] [2018-12-05 23:00:48] org.springframework.web.servlet.handler.SimpleUrlHandlerMapping [373] - Mapped URL path [/**] onto handler of type [class org.springframework.web.servlet.resource.ResourceHttpRequestHandler]
[ INFO ] [2018-12-05 23:00:49] com.github.ontio.DemoApplicationTests [59] - Started DemoApplicationTests in 3.75 seconds (JVM running for 4.873)
[ INFO ] [2018-12-05 23:00:49] org.springframework.web.context.support.GenericWebApplicationContext [993] - Closing org.springframework.web.context.support.GenericWebApplicationContext@f99f5e0: startup date [Wed Dec 05 23:00:46 CST 2018]; root of context hierarchy
[ INFO ] [2018-12-05 23:02:20] com.github.ontio.ExplorerApplication [50] - Starting ExplorerApplication on sss.local with PID 1631 (/Users/sss/dev/localgit/javaProject/wontologyserver/target/classes started by sss in /Users/sss/dev/localgit/javaProject/wontologyserver)
[ DEBUG] [2018-12-05 23:02:20] com.github.ontio.ExplorerApplication [53] - Running with Spring Boot v2.0.3.RELEASE, Spring v5.0.7.RELEASE
[ INFO ] [2018-12-05 23:02:20] com.github.ontio.ExplorerApplication [663] - The following profiles are active: uat
[ INFO ] [2018-12-05 23:02:20] org.springframework.boot.web.servlet.context.AnnotationConfigServletWebServerApplicationContext [590] - Refreshing org.springframework.boot.web.servlet.context.AnnotationConfigServletWebServerApplicationContext@2d7275fc: startup date [Wed Dec 05 23:02:20 CST 2018]; root of context hierarchy
[ INFO ] [2018-12-05 23:02:21] org.springframework.data.repository.config.RepositoryConfigurationDelegate [163] - Multiple Spring Data modules found, entering strict repository configuration mode!
[ INFO ] [2018-12-05 23:02:22] org.springframework.context.support.PostProcessorRegistrationDelegate$BeanPostProcessorChecker [328] - Bean 'org.springframework.ws.config.annotation.DelegatingWsConfiguration' of type [org.springframework.ws.config.annotation.DelegatingWsConfiguration$$EnhancerBySpringCGLIB$$83f837bf] is not eligible for getting processed by all BeanPostProcessors (for example: not eligible for auto-proxying)
[ INFO ] [2018-12-05 23:02:22] org.springframework.ws.soap.addressing.server.AnnotationActionEndpointMapping [236] - Supporting [WS-Addressing August 2004, WS-Addressing 1.0]
[ INFO ] [2018-12-05 23:02:22] org.springframework.context.support.PostProcessorRegistrationDelegate$BeanPostProcessorChecker [328] - Bean 'org.springframework.transaction.annotation.ProxyTransactionManagementConfiguration' of type [org.springframework.transaction.annotation.ProxyTransactionManagementConfiguration$$EnhancerBySpringCGLIB$$df6072c0] is not eligible for getting processed by all BeanPostProcessors (for example: not eligible for auto-proxying)
[ INFO ] [2018-12-05 23:02:22] org.springframework.boot.web.embedded.tomcat.TomcatWebServer [91] - Tomcat initialized with port(s): 8585 (http)
[ INFO ] [2018-12-05 23:02:22] org.apache.coyote.http11.Http11NioProtocol [180] - Initializing ProtocolHandler ["http-nio-8585"]
[ INFO ] [2018-12-05 23:02:22] org.apache.catalina.core.StandardService [180] - Starting service [Tomcat]
[ INFO ] [2018-12-05 23:02:22] org.apache.catalina.core.StandardEngine [180] - Starting Servlet Engine: Apache Tomcat/8.5.31
[ INFO ] [2018-12-05 23:02:22] org.apache.catalina.core.AprLifecycleListener [180] - The APR based Apache Tomcat Native library which allows optimal performance in production environments was not found on the java.library.path: [/Users/sss/Library/Java/Extensions:/Library/Java/Extensions:/Network/Library/Java/Extensions:/System/Library/Java/Extensions:/usr/lib/java:.]
[ INFO ] [2018-12-05 23:02:22] org.apache.catalina.core.ContainerBase.[Tomcat].[localhost].[/] [180] - Initializing Spring embedded WebApplicationContext
[ INFO ] [2018-12-05 23:02:22] org.springframework.web.context.ContextLoader [285] - Root WebApplicationContext: initialization completed in 2134 ms
[ INFO ] [2018-12-05 23:02:22] org.springframework.boot.web.servlet.ServletRegistrationBean [186] - Servlet dispatcherServlet mapped to [/]
[ INFO ] [2018-12-05 23:02:22] org.springframework.boot.web.servlet.ServletRegistrationBean [186] - Servlet messageDispatcherServlet mapped to [/services/*]
[ INFO ] [2018-12-05 23:02:22] org.springframework.boot.web.servlet.FilterRegistrationBean [245] - Mapping filter: 'characterEncodingFilter' to: [/*]
[ INFO ] [2018-12-05 23:02:22] org.springframework.boot.web.servlet.FilterRegistrationBean [245] - Mapping filter: 'hiddenHttpMethodFilter' to: [/*]
[ INFO ] [2018-12-05 23:02:22] org.springframework.boot.web.servlet.FilterRegistrationBean [245] - Mapping filter: 'httpPutFormContentFilter' to: [/*]
[ INFO ] [2018-12-05 23:02:22] org.springframework.boot.web.servlet.FilterRegistrationBean [245] - Mapping filter: 'requestContextFilter' to: [/*]
[ INFO ] [2018-12-05 23:02:22] org.springframework.boot.web.servlet.FilterRegistrationBean [245] - Mapping filter: 'simpleCORSFilter' to: [/*]
[ INFO ] [2018-12-05 23:02:23] org.springframework.web.servlet.handler.SimpleUrlHandlerMapping [373] - Mapped URL path [/**/favicon.ico] onto handler of type [class org.springframework.web.servlet.resource.ResourceHttpRequestHandler]
[ INFO ] [2018-12-05 23:02:23] org.springframework.web.servlet.mvc.method.annotation.RequestMappingHandlerAdapter [574] - Looking for @ControllerAdvice: org.springframework.boot.web.servlet.context.AnnotationConfigServletWebServerApplicationContext@2d7275fc: startup date [Wed Dec 05 23:02:20 CST 2018]; root of context hierarchy
[ INFO ] [2018-12-05 23:02:23] org.springframework.web.servlet.mvc.method.annotation.RequestMappingHandlerMapping [547] - Mapped "{[/api/v1/bets/getbetsbypage/{pagesize}/{pagenumber}],methods=[GET]}" onto public com.github.ontio.paramBean.Result com.github.ontio.controller.BetsController.getBetsByPage(java.lang.Integer,java.lang.Integer)
[ INFO ] [2018-12-05 23:02:23] org.springframework.web.servlet.mvc.method.annotation.RequestMappingHandlerMapping [547] - Mapped "{[/api/v1/bets/getmybetsbybettor/{bettor}],methods=[GET]}" onto public com.github.ontio.paramBean.Result com.github.ontio.controller.BetsController.getMyBets(java.lang.String)
[ INFO ] [2018-12-05 23:02:23] org.springframework.web.servlet.mvc.method.annotation.RequestMappingHandlerMapping [547] - Mapped "{[/api/v1/bets/getmybetsbypage/{bettor}/{pageSize}/{pageNumber}],methods=[GET]}" onto public com.github.ontio.paramBean.Result com.github.ontio.controller.BetsController.getMyBetsByPage(java.lang.String,int,int)
[ INFO ] [2018-12-05 23:02:23] org.springframework.web.servlet.mvc.method.annotation.RequestMappingHandlerMapping [547] - Mapped "{[/api/v1/bets/savebetinfo],methods=[POST]}" onto public com.github.ontio.paramBean.Result com.github.ontio.controller.BetsController.saveBetInfo(java.lang.String)
[ INFO ] [2018-12-05 23:02:23] org.springframework.web.servlet.mvc.method.annotation.RequestMappingHandlerMapping [547] - Mapped "{[/api/v1/bets/gethugewinstopbynum/{num}],methods=[GET]}" onto public com.github.ontio.paramBean.Result com.github.ontio.controller.BetsController.getHugeWins(java.lang.Integer)
[ INFO ] [2018-12-05 23:02:23] org.springframework.web.servlet.mvc.method.annotation.RequestMappingHandlerMapping [547] - Mapped "{[/api/v1/bets/savehugewin],methods=[POST]}" onto public com.github.ontio.paramBean.Result com.github.ontio.controller.BetsController.saveHugeWin(java.lang.String)
[ INFO ] [2018-12-05 23:02:23] org.springframework.web.servlet.mvc.method.annotation.RequestMappingHandlerMapping [547] - Mapped "{[/error]}" onto public org.springframework.http.ResponseEntity<java.util.Map<java.lang.String, java.lang.Object>> org.springframework.boot.autoconfigure.web.servlet.error.BasicErrorController.error(javax.servlet.http.HttpServletRequest)
[ INFO ] [2018-12-05 23:02:23] org.springframework.web.servlet.mvc.method.annotation.RequestMappingHandlerMapping [547] - Mapped "{[/error],produces=[text/html]}" onto public org.springframework.web.servlet.ModelAndView org.springframework.boot.autoconfigure.web.servlet.error.BasicErrorController.errorHtml(javax.servlet.http.HttpServletRequest,javax.servlet.http.HttpServletResponse)
[ INFO ] [2018-12-05 23:02:23] org.springframework.web.servlet.handler.SimpleUrlHandlerMapping [373] - Mapped URL path [/webjars/**] onto handler of type [class org.springframework.web.servlet.resource.ResourceHttpRequestHandler]
[ INFO ] [2018-12-05 23:02:23] org.springframework.web.servlet.handler.SimpleUrlHandlerMapping [373] - Mapped URL path [/**] onto handler of type [class org.springframework.web.servlet.resource.ResourceHttpRequestHandler]
[ INFO ] [2018-12-05 23:02:24] org.springframework.jmx.export.annotation.AnnotationMBeanExporter [433] - Registering beans for JMX exposure on startup
[ INFO ] [2018-12-05 23:02:24] org.springframework.jmx.export.annotation.AnnotationMBeanExporter [895] - Bean with name 'dataSource' has been autodetected for JMX exposure
[ INFO ] [2018-12-05 23:02:24] org.springframework.jmx.export.annotation.AnnotationMBeanExporter [668] - Located MBean 'dataSource': registering with JMX server as MBean [com.zaxxer.hikari:name=dataSource,type=HikariDataSource]
[ INFO ] [2018-12-05 23:02:24] org.apache.coyote.http11.Http11NioProtocol [180] - Starting ProtocolHandler ["http-nio-8585"]
[ INFO ] [2018-12-05 23:02:24] org.apache.tomcat.util.net.NioSelectorPool [180] - Using a shared selector for servlet write/read
[ INFO ] [2018-12-05 23:02:24] org.springframework.boot.web.embedded.tomcat.TomcatWebServer [206] - Tomcat started on port(s): 8585 (http) with context path ''
[ INFO ] [2018-12-05 23:02:24] com.github.ontio.ExplorerApplication [59] - Started ExplorerApplication in 4.167 seconds (JVM running for 4.668)
[ INFO ] [2018-12-05 23:02:28] org.apache.catalina.core.ContainerBase.[Tomcat].[localhost].[/] [180] - Initializing Spring FrameworkServlet 'dispatcherServlet'
[ INFO ] [2018-12-05 23:02:28] org.springframework.web.servlet.DispatcherServlet [494] - FrameworkServlet 'dispatcherServlet': initialization started
[ INFO ] [2018-12-05 23:02:28] org.springframework.web.servlet.DispatcherServlet [509] - FrameworkServlet 'dispatcherServlet': initialization completed in 21 ms
[ INFO ] [2018-12-05 23:02:28] com.github.ontio.controller.BetsController [102] - ########BetsController.getHugeWins begin...
[ INFO ] [2018-12-05 23:02:28] com.zaxxer.hikari.HikariDataSource [110] - HikariPool-1 - Starting...
[ INFO ] [2018-12-05 23:02:28] com.zaxxer.hikari.HikariDataSource [123] - HikariPool-1 - Start completed.
[ DEBUG] [2018-12-05 23:02:28] dao.com.github.ontio.dao.BuyRecordInfoMapper.selectHugeWinsTopByNum [159] - ==>  Preparing: select * from tbl_huge_wins order by payout DESC limit 0,?
[ DEBUG] [2018-12-05 23:02:28] dao.com.github.ontio.dao.BuyRecordInfoMapper.selectHugeWinsTopByNum [159] - ==> Parameters: 3(Integer)
[ DEBUG] [2018-12-05 23:02:28] dao.com.github.ontio.dao.BuyRecordInfoMapper.selectHugeWinsTopByNum [159] - <==      Total: 3
[ INFO ] [2018-12-05 23:02:37] org.springframework.boot.web.servlet.context.AnnotationConfigServletWebServerApplicationContext [993] - Closing org.springframework.boot.web.servlet.context.AnnotationConfigServletWebServerApplicationContext@2d7275fc: startup date [Wed Dec 05 23:02:20 CST 2018]; root of context hierarchy
[ INFO ] [2018-12-05 23:02:37] org.springframework.jmx.export.annotation.AnnotationMBeanExporter [451] - Unregistering JMX-exposed beans on shutdown
[ INFO ] [2018-12-05 23:02:37] org.springframework.jmx.export.annotation.AnnotationMBeanExporter [183] - Unregistering JMX-exposed beans
[ INFO ] [2018-12-05 23:02:37] com.zaxxer.hikari.HikariDataSource [381] - HikariPool-1 - Shutdown initiated...
[ INFO ] [2018-12-05 23:02:37] com.zaxxer.hikari.HikariDataSource [383] - HikariPool-1 - Shutdown completed.
