[ INFO ] [2018-12-06 10:14:17] com.github.ontio.DemoApplicationTests [50] - Starting DemoApplicationTests on sss.local with PID 1428 (started by sss in /Users/sss/dev/localgit/javaProject/wontologyserver)
[ DEBUG] [2018-12-06 10:14:17] com.github.ontio.DemoApplicationTests [53] - Running with Spring Boot v2.0.3.RELEASE, Spring v5.0.7.RELEASE
[ INFO ] [2018-12-06 10:14:17] com.github.ontio.DemoApplicationTests [663] - The following profiles are active: uat
[ INFO ] [2018-12-06 10:14:17] org.springframework.web.context.support.GenericWebApplicationContext [590] - Refreshing org.springframework.web.context.support.GenericWebApplicationContext@6aa61224: startup date [Thu Dec 06 10:14:17 CST 2018]; root of context hierarchy
[ INFO ] [2018-12-06 10:14:18] org.springframework.data.repository.config.RepositoryConfigurationDelegate [163] - Multiple Spring Data modules found, entering strict repository configuration mode!
[ INFO ] [2018-12-06 10:14:18] org.springframework.context.support.PostProcessorRegistrationDelegate$BeanPostProcessorChecker [328] - Bean 'org.springframework.ws.config.annotation.DelegatingWsConfiguration' of type [org.springframework.ws.config.annotation.DelegatingWsConfiguration$$EnhancerBySpringCGLIB$$6acd0f9e] is not eligible for getting processed by all BeanPostProcessors (for example: not eligible for auto-proxying)
[ INFO ] [2018-12-06 10:14:18] org.springframework.ws.soap.addressing.server.AnnotationActionEndpointMapping [236] - Supporting [WS-Addressing August 2004, WS-Addressing 1.0]
[ INFO ] [2018-12-06 10:14:18] org.springframework.context.support.PostProcessorRegistrationDelegate$BeanPostProcessorChecker [328] - Bean 'org.springframework.transaction.annotation.ProxyTransactionManagementConfiguration' of type [org.springframework.transaction.annotation.ProxyTransactionManagementConfiguration$$EnhancerBySpringCGLIB$$c6354a9f] is not eligible for getting processed by all BeanPostProcessors (for example: not eligible for auto-proxying)
[ INFO ] [2018-12-06 10:14:19] org.springframework.web.servlet.handler.SimpleUrlHandlerMapping [373] - Mapped URL path [/**/favicon.ico] onto handler of type [class org.springframework.web.servlet.resource.ResourceHttpRequestHandler]
[ INFO ] [2018-12-06 10:14:19] org.springframework.web.servlet.mvc.method.annotation.RequestMappingHandlerAdapter [574] - Looking for @ControllerAdvice: org.springframework.web.context.support.GenericWebApplicationContext@6aa61224: startup date [Thu Dec 06 10:14:17 CST 2018]; root of context hierarchy
[ INFO ] [2018-12-06 10:14:19] org.springframework.web.servlet.mvc.method.annotation.RequestMappingHandlerMapping [547] - Mapped "{[/api/v1/bets/getbetsbypage/{pagesize}/{pagenumber}],methods=[GET]}" onto public com.github.ontio.paramBean.Result com.github.ontio.controller.BetsController.getBetsByPage(java.lang.Integer,java.lang.Integer)
[ INFO ] [2018-12-06 10:14:19] org.springframework.web.servlet.mvc.method.annotation.RequestMappingHandlerMapping [547] - Mapped "{[/api/v1/bets/getmybetsbybettor/{bettor}],methods=[GET]}" onto public com.github.ontio.paramBean.Result com.github.ontio.controller.BetsController.getMyBets(java.lang.String)
[ INFO ] [2018-12-06 10:14:19] org.springframework.web.servlet.mvc.method.annotation.RequestMappingHandlerMapping [547] - Mapped "{[/api/v1/bets/getmybetsbypage/{bettor}/{pageSize}/{pageNumber}],methods=[GET]}" onto public com.github.ontio.paramBean.Result com.github.ontio.controller.BetsController.getMyBetsByPage(java.lang.String,int,int)
[ INFO ] [2018-12-06 10:14:19] org.springframework.web.servlet.mvc.method.annotation.RequestMappingHandlerMapping [547] - Mapped "{[/api/v1/bets/savebetinfo],methods=[POST]}" onto public com.github.ontio.paramBean.Result com.github.ontio.controller.BetsController.saveBetInfo(java.lang.String)
[ INFO ] [2018-12-06 10:14:19] org.springframework.web.servlet.mvc.method.annotation.RequestMappingHandlerMapping [547] - Mapped "{[/api/v1/bets/gethugewinstopbynum/{num}],methods=[GET]}" onto public com.github.ontio.paramBean.Result com.github.ontio.controller.BetsController.getHugeWins(java.lang.Integer)
[ INFO ] [2018-12-06 10:14:19] org.springframework.web.servlet.mvc.method.annotation.RequestMappingHandlerMapping [547] - Mapped "{[/api/v1/bets/savehugewin],methods=[POST]}" onto public com.github.ontio.paramBean.Result com.github.ontio.controller.BetsController.saveHugeWin(java.lang.String)
[ INFO ] [2018-12-06 10:14:19] org.springframework.web.servlet.mvc.method.annotation.RequestMappingHandlerMapping [547] - Mapped "{[/error]}" onto public org.springframework.http.ResponseEntity<java.util.Map<java.lang.String, java.lang.Object>> org.springframework.boot.autoconfigure.web.servlet.error.BasicErrorController.error(javax.servlet.http.HttpServletRequest)
[ INFO ] [2018-12-06 10:14:19] org.springframework.web.servlet.mvc.method.annotation.RequestMappingHandlerMapping [547] - Mapped "{[/error],produces=[text/html]}" onto public org.springframework.web.servlet.ModelAndView org.springframework.boot.autoconfigure.web.servlet.error.BasicErrorController.errorHtml(javax.servlet.http.HttpServletRequest,javax.servlet.http.HttpServletResponse)
[ INFO ] [2018-12-06 10:14:19] org.springframework.web.servlet.handler.SimpleUrlHandlerMapping [373] - Mapped URL path [/webjars/**] onto handler of type [class org.springframework.web.servlet.resource.ResourceHttpRequestHandler]
[ INFO ] [2018-12-06 10:14:19] org.springframework.web.servlet.handler.SimpleUrlHandlerMapping [373] - Mapped URL path [/**] onto handler of type [class org.springframework.web.servlet.resource.ResourceHttpRequestHandler]
[ INFO ] [2018-12-06 10:14:20] com.github.ontio.DemoApplicationTests [59] - Started DemoApplicationTests in 3.347 seconds (JVM running for 4.417)
[ INFO ] [2018-12-06 10:14:20] org.springframework.web.context.support.GenericWebApplicationContext [993] - Closing org.springframework.web.context.support.GenericWebApplicationContext@6aa61224: startup date [Thu Dec 06 10:14:17 CST 2018]; root of context hierarchy
